mode: set
github.com/alibaba/higress/plugins/wasm-go/extensions/ai-proxy/provider/ai360.go:25.76,30.2 1 0
github.com/alibaba/higress/plugins/wasm-go/extensions/ai-proxy/provider/ai360.go:32.81,33.59 1 0
github.com/alibaba/higress/plugins/wasm-go/extensions/ai-proxy/provider/ai360.go:33.59,35.3 1 0
github.com/alibaba/higress/plugins/wasm-go/extensions/ai-proxy/provider/ai360.go:36.2,36.12 1 0
github.com/alibaba/higress/plugins/wasm-go/extensions/ai-proxy/provider/ai360.go:39.92,45.2 2 0
github.com/alibaba/higress/plugins/wasm-go/extensions/ai-proxy/provider/ai360.go:47.50,49.2 1 0
github.com/alibaba/higress/plugins/wasm-go/extensions/ai-proxy/provider/ai360.go:51.90,55.2 2 0
github.com/alibaba/higress/plugins/wasm-go/extensions/ai-proxy/provider/ai360.go:57.116,58.39 1 0
github.com/alibaba/higress/plugins/wasm-go/extensions/ai-proxy/provider/ai360.go:58.39,60.3 1 0
github.com/alibaba/higress/plugins/wasm-go/extensions/ai-proxy/provider/ai360.go:61.2,61.74 1 0
github.com/alibaba/higress/plugins/wasm-go/extensions/ai-proxy/provider/ai360.go:64.112,68.2 3 0
github.com/alibaba/higress/plugins/wasm-go/extensions/ai-proxy/provider/azure.go:54.76,56.73 2 1
github.com/alibaba/higress/plugins/wasm-go/extensions/ai-proxy/provider/azure.go:56.73,57.46 1 1
github.com/alibaba/higress/plugins/wasm-go/extensions/ai-proxy/provider/azure.go:57.46,59.12 2 0
github.com/alibaba/higress/plugins/wasm-go/extensions/ai-proxy/provider/azure.go:61.3,62.43 2 1
github.com/alibaba/higress/plugins/wasm-go/extensions/ai-proxy/provider/azure.go:62.43,64.4 1 1
github.com/alibaba/higress/plugins/wasm-go/extensions/ai-proxy/provider/azure.go:64.9,66.4 1 1
github.com/alibaba/higress/plugins/wasm-go/extensions/ai-proxy/provider/azure.go:67.3,68.71 2 1
github.com/alibaba/higress/plugins/wasm-go/extensions/ai-proxy/provider/azure.go:70.2,70.21 1 1
github.com/alibaba/higress/plugins/wasm-go/extensions/ai-proxy/provider/azure.go:77.99,79.2 1 1
github.com/alibaba/higress/plugins/wasm-go/extensions/ai-proxy/provider/azure.go:85.107,87.39 2 1
github.com/alibaba/higress/plugins/wasm-go/extensions/ai-proxy/provider/azure.go:87.39,88.46 1 1
github.com/alibaba/higress/plugins/wasm-go/extensions/ai-proxy/provider/azure.go:88.46,90.12 2 1
github.com/alibaba/higress/plugins/wasm-go/extensions/ai-proxy/provider/azure.go:92.3,93.85 2 1
github.com/alibaba/higress/plugins/wasm-go/extensions/ai-proxy/provider/azure.go:95.2,95.21 1 1
github.com/alibaba/higress/plugins/wasm-go/extensions/ai-proxy/provider/azure.go:102.81,103.34 1 1
github.com/alibaba/higress/plugins/wasm-go/extensions/ai-proxy/provider/azure.go:103.34,105.3 1 1
github.com/alibaba/higress/plugins/wasm-go/extensions/ai-proxy/provider/azure.go:106.2,106.75 1 1
github.com/alibaba/higress/plugins/wasm-go/extensions/ai-proxy/provider/azure.go:106.75,108.3 1 1
github.com/alibaba/higress/plugins/wasm-go/extensions/ai-proxy/provider/azure.go:108.8,108.106 1 1
github.com/alibaba/higress/plugins/wasm-go/extensions/ai-proxy/provider/azure.go:108.106,110.3 1 1
github.com/alibaba/higress/plugins/wasm-go/extensions/ai-proxy/provider/azure.go:111.2,111.59 1 1
github.com/alibaba/higress/plugins/wasm-go/extensions/ai-proxy/provider/azure.go:111.59,113.3 1 1
github.com/alibaba/higress/plugins/wasm-go/extensions/ai-proxy/provider/azure.go:114.2,114.12 1 1
github.com/alibaba/higress/plugins/wasm-go/extensions/ai-proxy/provider/azure.go:121.89,122.42 1 1
github.com/alibaba/higress/plugins/wasm-go/extensions/ai-proxy/provider/azure.go:122.42,127.3 1 1
github.com/alibaba/higress/plugins/wasm-go/extensions/ai-proxy/provider/azure.go:128.2,128.56 1 1
github.com/alibaba/higress/plugins/wasm-go/extensions/ai-proxy/provider/azure.go:128.56,133.3 1 1
github.com/alibaba/higress/plugins/wasm-go/extensions/ai-proxy/provider/azure.go:134.2,134.12 1 1
github.com/alibaba/higress/plugins/wasm-go/extensions/ai-proxy/provider/azure.go:141.47,144.2 2 1
github.com/alibaba/higress/plugins/wasm-go/extensions/ai-proxy/provider/azure.go:150.51,152.2 1 1
github.com/alibaba/higress/plugins/wasm-go/extensions/ai-proxy/provider/azure.go:158.70,159.20 1 1
github.com/alibaba/higress/plugins/wasm-go/extensions/ai-proxy/provider/azure.go:159.20,161.3 1 1
github.com/alibaba/higress/plugins/wasm-go/extensions/ai-proxy/provider/azure.go:162.2,162.38 1 1
github.com/alibaba/higress/plugins/wasm-go/extensions/ai-proxy/provider/azure.go:162.38,164.3 1 1
github.com/alibaba/higress/plugins/wasm-go/extensions/ai-proxy/provider/azure.go:165.2,165.38 1 1
github.com/alibaba/higress/plugins/wasm-go/extensions/ai-proxy/provider/azure.go:165.38,167.3 1 1
github.com/alibaba/higress/plugins/wasm-go/extensions/ai-proxy/provider/azure.go:168.2,168.34 1 1
github.com/alibaba/higress/plugins/wasm-go/extensions/ai-proxy/provider/azure.go:175.92,177.61 2 1
github.com/alibaba/higress/plugins/wasm-go/extensions/ai-proxy/provider/azure.go:177.61,179.3 1 1
github.com/alibaba/higress/plugins/wasm-go/extensions/ai-proxy/provider/azure.go:179.8,181.3 1 1
github.com/alibaba/higress/plugins/wasm-go/extensions/ai-proxy/provider/azure.go:183.2,186.26 4 1
github.com/alibaba/higress/plugins/wasm-go/extensions/ai-proxy/provider/azure.go:186.26,188.29 2 0
github.com/alibaba/higress/plugins/wasm-go/extensions/ai-proxy/provider/azure.go:188.29,190.4 1 0
github.com/alibaba/higress/plugins/wasm-go/extensions/ai-proxy/provider/azure.go:190.9,192.4 1 0
github.com/alibaba/higress/plugins/wasm-go/extensions/ai-proxy/provider/azure.go:193.3,193.85 1 0
github.com/alibaba/higress/plugins/wasm-go/extensions/ai-proxy/provider/azure.go:194.8,194.53 1 1
github.com/alibaba/higress/plugins/wasm-go/extensions/ai-proxy/provider/azure.go:194.53,200.3 2 1
github.com/alibaba/higress/plugins/wasm-go/extensions/ai-proxy/provider/azure.go:200.8,203.54 1 1
github.com/alibaba/higress/plugins/wasm-go/extensions/ai-proxy/provider/azure.go:203.54,206.4 2 1
github.com/alibaba/higress/plugins/wasm-go/extensions/ai-proxy/provider/azure.go:206.9,209.4 2 0
github.com/alibaba/higress/plugins/wasm-go/extensions/ai-proxy/provider/azure.go:211.2,213.55 2 1
github.com/alibaba/higress/plugins/wasm-go/extensions/ai-proxy/provider/azure.go:213.55,215.3 1 1
github.com/alibaba/higress/plugins/wasm-go/extensions/ai-proxy/provider/azure.go:215.8,217.3 1 1
github.com/alibaba/higress/plugins/wasm-go/extensions/ai-proxy/provider/azure.go:218.2,228.8 3 1
github.com/alibaba/higress/plugins/wasm-go/extensions/ai-proxy/provider/azure.go:242.50,244.2 1 0
github.com/alibaba/higress/plugins/wasm-go/extensions/ai-proxy/provider/azure.go:246.90,249.2 2 0
github.com/alibaba/higress/plugins/wasm-go/extensions/ai-proxy/provider/azure.go:251.116,253.2 1 0
github.com/alibaba/higress/plugins/wasm-go/extensions/ai-proxy/provider/azure.go:255.77,256.69 1 0
github.com/alibaba/higress/plugins/wasm-go/extensions/ai-proxy/provider/azure.go:256.69,258.3 1 0
github.com/alibaba/higress/plugins/wasm-go/extensions/ai-proxy/provider/azure.go:259.2,259.41 1 0
github.com/alibaba/higress/plugins/wasm-go/extensions/ai-proxy/provider/azure.go:262.137,270.29 6 0
github.com/alibaba/higress/plugins/wasm-go/extensions/ai-proxy/provider/azure.go:270.29,271.17 1 0
github.com/alibaba/higress/plugins/wasm-go/extensions/ai-proxy/provider/azure.go:271.17,273.4 1 0
github.com/alibaba/higress/plugins/wasm-go/extensions/ai-proxy/provider/azure.go:273.9,281.4 1 0
github.com/alibaba/higress/plugins/wasm-go/extensions/ai-proxy/provider/azure.go:283.2,283.16 1 0
github.com/alibaba/higress/plugins/wasm-go/extensions/ai-proxy/provider/azure.go:283.16,285.3 1 0
github.com/alibaba/higress/plugins/wasm-go/extensions/ai-proxy/provider/azure.go:288.2,288.62 1 0
github.com/alibaba/higress/plugins/wasm-go/extensions/ai-proxy/provider/azure.go:288.62,289.30 1 0
github.com/alibaba/higress/plugins/wasm-go/extensions/ai-proxy/provider/azure.go:289.30,292.4 1 0
github.com/alibaba/higress/plugins/wasm-go/extensions/ai-proxy/provider/azure.go:293.3,294.17 2 0
github.com/alibaba/higress/plugins/wasm-go/extensions/ai-proxy/provider/azure.go:294.17,296.4 1 0
github.com/alibaba/higress/plugins/wasm-go/extensions/ai-proxy/provider/azure.go:296.9,298.4 1 0
github.com/alibaba/higress/plugins/wasm-go/extensions/ai-proxy/provider/azure.go:301.2,301.8 1 0
github.com/alibaba/higress/plugins/wasm-go/extensions/ai-proxy/provider/azure.go:308.95,311.27 1 0
github.com/alibaba/higress/plugins/wasm-go/extensions/ai-proxy/provider/azure.go:311.27,313.3 1 0
github.com/alibaba/higress/plugins/wasm-go/extensions/ai-proxy/provider/azure.go:315.2,317.49 2 0
github.com/alibaba/higress/plugins/wasm-go/extensions/ai-proxy/provider/azure.go:317.49,320.3 2 0
github.com/alibaba/higress/plugins/wasm-go/extensions/ai-proxy/provider/azure.go:322.2,325.55 4 0
github.com/alibaba/higress/plugins/wasm-go/extensions/ai-proxy/provider/azure.go:325.55,328.60 3 0
github.com/alibaba/higress/plugins/wasm-go/extensions/ai-proxy/provider/azure.go:328.60,330.4 1 0
github.com/alibaba/higress/plugins/wasm-go/extensions/ai-proxy/provider/azure.go:330.9,333.19 3 0
github.com/alibaba/higress/plugins/wasm-go/extensions/ai-proxy/provider/azure.go:333.19,336.5 2 0
github.com/alibaba/higress/plugins/wasm-go/extensions/ai-proxy/provider/azure.go:338.3,339.61 2 0
github.com/alibaba/higress/plugins/wasm-go/extensions/ai-proxy/provider/azure.go:341.2,344.13 3 0
github.com/alibaba/higress/plugins/wasm-go/extensions/ai-proxy/provider/azure.go:347.112,353.84 3 0
github.com/alibaba/higress/plugins/wasm-go/extensions/ai-proxy/provider/azure.go:353.84,355.30 2 0
github.com/alibaba/higress/plugins/wasm-go/extensions/ai-proxy/provider/azure.go:355.30,358.4 1 0
github.com/alibaba/higress/plugins/wasm-go/extensions/ai-proxy/provider/azure.go:360.2,367.29 7 0
github.com/alibaba/higress/plugins/wasm-go/extensions/ai-proxy/provider/azure.go:367.29,370.3 1 0
github.com/alibaba/higress/plugins/wasm-go/extensions/ai-proxy/provider/azure.go:372.2,372.39 1 0
github.com/alibaba/higress/plugins/wasm-go/extensions/ai-proxy/provider/azure.go:372.39,376.3 1 0
github.com/alibaba/higress/plugins/wasm-go/extensions/ai-proxy/provider/baichuan.go:21.84,22.59 1 0
github.com/alibaba/higress/plugins/wasm-go/extensions/ai-proxy/provider/baichuan.go:22.59,24.3 1 0
github.com/alibaba/higress/plugins/wasm-go/extensions/ai-proxy/provider/baichuan.go:25.2,25.12 1 0
github.com/alibaba/higress/plugins/wasm-go/extensions/ai-proxy/provider/baichuan.go:28.79,33.2 1 0
github.com/alibaba/higress/plugins/wasm-go/extensions/ai-proxy/provider/baichuan.go:35.95,41.2 2 0
github.com/alibaba/higress/plugins/wasm-go/extensions/ai-proxy/provider/baichuan.go:48.53,50.2 1 0
github.com/alibaba/higress/plugins/wasm-go/extensions/ai-proxy/provider/baichuan.go:52.93,55.2 2 0
github.com/alibaba/higress/plugins/wasm-go/extensions/ai-proxy/provider/baichuan.go:57.119,58.39 1 0
github.com/alibaba/higress/plugins/wasm-go/extensions/ai-proxy/provider/baichuan.go:58.39,60.3 1 0
github.com/alibaba/higress/plugins/wasm-go/extensions/ai-proxy/provider/baichuan.go:61.2,61.74 1 0
github.com/alibaba/higress/plugins/wasm-go/extensions/ai-proxy/provider/baichuan.go:64.115,69.2 4 0
github.com/alibaba/higress/plugins/wasm-go/extensions/ai-proxy/provider/baidu.go:22.81,23.59 1 0
github.com/alibaba/higress/plugins/wasm-go/extensions/ai-proxy/provider/baidu.go:23.59,25.3 1 0
github.com/alibaba/higress/plugins/wasm-go/extensions/ai-proxy/provider/baidu.go:26.2,26.12 1 0
github.com/alibaba/higress/plugins/wasm-go/extensions/ai-proxy/provider/baidu.go:29.76,34.2 1 0
github.com/alibaba/higress/plugins/wasm-go/extensions/ai-proxy/provider/baidu.go:36.92,42.2 2 0
github.com/alibaba/higress/plugins/wasm-go/extensions/ai-proxy/provider/baidu.go:49.50,51.2 1 0
github.com/alibaba/higress/plugins/wasm-go/extensions/ai-proxy/provider/baidu.go:53.90,56.2 2 0
github.com/alibaba/higress/plugins/wasm-go/extensions/ai-proxy/provider/baidu.go:58.116,59.39 1 0
github.com/alibaba/higress/plugins/wasm-go/extensions/ai-proxy/provider/baidu.go:59.39,61.3 1 0
github.com/alibaba/higress/plugins/wasm-go/extensions/ai-proxy/provider/baidu.go:62.2,62.74 1 0
github.com/alibaba/higress/plugins/wasm-go/extensions/ai-proxy/provider/baidu.go:65.112,70.2 4 0
github.com/alibaba/higress/plugins/wasm-go/extensions/ai-proxy/provider/baidu.go:72.57,73.53 1 0
github.com/alibaba/higress/plugins/wasm-go/extensions/ai-proxy/provider/baidu.go:73.53,75.3 1 0
github.com/alibaba/higress/plugins/wasm-go/extensions/ai-proxy/provider/baidu.go:76.2,76.11 1 0
github.com/alibaba/higress/plugins/wasm-go/extensions/ai-proxy/provider/bedrock.go:67.83,71.30 3 0
github.com/alibaba/higress/plugins/wasm-go/extensions/ai-proxy/provider/bedrock.go:71.30,73.3 1 0
github.com/alibaba/higress/plugins/wasm-go/extensions/ai-proxy/provider/bedrock.go:74.2,74.32 1 0
github.com/alibaba/higress/plugins/wasm-go/extensions/ai-proxy/provider/bedrock.go:74.32,76.3 1 0
github.com/alibaba/higress/plugins/wasm-go/extensions/ai-proxy/provider/bedrock.go:77.2,77.12 1 0
github.com/alibaba/higress/plugins/wasm-go/extensions/ai-proxy/provider/bedrock.go:80.78,86.2 1 0
github.com/alibaba/higress/plugins/wasm-go/extensions/ai-proxy/provider/bedrock.go:88.94,94.2 2 0
github.com/alibaba/higress/plugins/wasm-go/extensions/ai-proxy/provider/bedrock.go:101.138,102.38 1 0
github.com/alibaba/higress/plugins/wasm-go/extensions/ai-proxy/provider/bedrock.go:102.38,104.3 1 0
github.com/alibaba/higress/plugins/wasm-go/extensions/ai-proxy/provider/bedrock.go:106.2,107.22 2 0
github.com/alibaba/higress/plugins/wasm-go/extensions/ai-proxy/provider/bedrock.go:107.22,108.18 1 0
github.com/alibaba/higress/plugins/wasm-go/extensions/ai-proxy/provider/bedrock.go:108.18,110.4 1 0
github.com/alibaba/higress/plugins/wasm-go/extensions/ai-proxy/provider/bedrock.go:111.3,111.55 1 0
github.com/alibaba/higress/plugins/wasm-go/extensions/ai-proxy/provider/bedrock.go:113.2,114.31 2 0
github.com/alibaba/higress/plugins/wasm-go/extensions/ai-proxy/provider/bedrock.go:114.31,116.17 2 0
github.com/alibaba/higress/plugins/wasm-go/extensions/ai-proxy/provider/bedrock.go:116.17,119.4 2 0
github.com/alibaba/higress/plugins/wasm-go/extensions/ai-proxy/provider/bedrock.go:120.3,120.51 1 0
github.com/alibaba/higress/plugins/wasm-go/extensions/ai-proxy/provider/bedrock.go:122.2,122.17 1 0
github.com/alibaba/higress/plugins/wasm-go/extensions/ai-proxy/provider/bedrock.go:122.17,124.3 1 0
github.com/alibaba/higress/plugins/wasm-go/extensions/ai-proxy/provider/bedrock.go:125.2,125.46 1 0
github.com/alibaba/higress/plugins/wasm-go/extensions/ai-proxy/provider/bedrock.go:128.134,134.30 4 1
github.com/alibaba/higress/plugins/wasm-go/extensions/ai-proxy/provider/bedrock.go:134.30,136.3 1 1
github.com/alibaba/higress/plugins/wasm-go/extensions/ai-proxy/provider/bedrock.go:137.2,137.42 1 1
github.com/alibaba/higress/plugins/wasm-go/extensions/ai-proxy/provider/bedrock.go:137.42,138.36 1 1
github.com/alibaba/higress/plugins/wasm-go/extensions/ai-proxy/provider/bedrock.go:138.36,140.4 1 0
github.com/alibaba/higress/plugins/wasm-go/extensions/ai-proxy/provider/bedrock.go:141.3,142.51 2 1
github.com/alibaba/higress/plugins/wasm-go/extensions/ai-proxy/provider/bedrock.go:144.2,144.31 1 1
github.com/alibaba/higress/plugins/wasm-go/extensions/ai-proxy/provider/bedrock.go:144.31,145.40 1 0
github.com/alibaba/higress/plugins/wasm-go/extensions/ai-proxy/provider/bedrock.go:145.40,147.4 1 0
github.com/alibaba/higress/plugins/wasm-go/extensions/ai-proxy/provider/bedrock.go:148.3,161.35 4 0
github.com/alibaba/higress/plugins/wasm-go/extensions/ai-proxy/provider/bedrock.go:161.35,164.4 2 0
github.com/alibaba/higress/plugins/wasm-go/extensions/ai-proxy/provider/bedrock.go:166.2,166.31 1 1
github.com/alibaba/higress/plugins/wasm-go/extensions/ai-proxy/provider/bedrock.go:166.31,167.49 1 1
github.com/alibaba/higress/plugins/wasm-go/extensions/ai-proxy/provider/bedrock.go:167.49,171.4 3 1
github.com/alibaba/higress/plugins/wasm-go/extensions/ai-proxy/provider/bedrock.go:171.9,171.44 1 1
github.com/alibaba/higress/plugins/wasm-go/extensions/ai-proxy/provider/bedrock.go:171.44,173.4 1 0
github.com/alibaba/higress/plugins/wasm-go/extensions/ai-proxy/provider/bedrock.go:174.3,174.35 1 1
github.com/alibaba/higress/plugins/wasm-go/extensions/ai-proxy/provider/bedrock.go:174.35,177.4 2 1
github.com/alibaba/higress/plugins/wasm-go/extensions/ai-proxy/provider/bedrock.go:178.3,178.40 1 1
github.com/alibaba/higress/plugins/wasm-go/extensions/ai-proxy/provider/bedrock.go:178.40,189.4 2 1
github.com/alibaba/higress/plugins/wasm-go/extensions/ai-proxy/provider/bedrock.go:191.2,191.36 1 1
github.com/alibaba/higress/plugins/wasm-go/extensions/ai-proxy/provider/bedrock.go:191.36,193.3 1 0
github.com/alibaba/higress/plugins/wasm-go/extensions/ai-proxy/provider/bedrock.go:194.2,204.31 4 1
github.com/alibaba/higress/plugins/wasm-go/extensions/ai-proxy/provider/bedrock.go:204.31,212.3 2 0
github.com/alibaba/higress/plugins/wasm-go/extensions/ai-proxy/provider/bedrock.go:213.2,218.42 6 1
github.com/alibaba/higress/plugins/wasm-go/extensions/ai-proxy/provider/bedrock.go:226.88,228.18 2 1
github.com/alibaba/higress/plugins/wasm-go/extensions/ai-proxy/provider/bedrock.go:228.18,231.3 2 1
github.com/alibaba/higress/plugins/wasm-go/extensions/ai-proxy/provider/bedrock.go:233.2,233.63 1 1
github.com/alibaba/higress/plugins/wasm-go/extensions/ai-proxy/provider/bedrock.go:233.63,235.3 1 0
github.com/alibaba/higress/plugins/wasm-go/extensions/ai-proxy/provider/bedrock.go:237.2,240.22 4 1
github.com/alibaba/higress/plugins/wasm-go/extensions/ai-proxy/provider/bedrock.go:350.98,352.85 2 0
github.com/alibaba/higress/plugins/wasm-go/extensions/ai-proxy/provider/bedrock.go:352.85,354.3 1 0
github.com/alibaba/higress/plugins/wasm-go/extensions/ai-proxy/provider/bedrock.go:356.2,360.15 5 0
github.com/alibaba/higress/plugins/wasm-go/extensions/ai-proxy/provider/bedrock.go:360.15,362.3 1 0
github.com/alibaba/higress/plugins/wasm-go/extensions/ai-proxy/provider/bedrock.go:364.2,364.6 1 0
github.com/alibaba/higress/plugins/wasm-go/extensions/ai-proxy/provider/bedrock.go:364.6,366.17 2 0
github.com/alibaba/higress/plugins/wasm-go/extensions/ai-proxy/provider/bedrock.go:366.17,367.21 1 0
github.com/alibaba/higress/plugins/wasm-go/extensions/ai-proxy/provider/bedrock.go:367.21,368.10 1 0
github.com/alibaba/higress/plugins/wasm-go/extensions/ai-proxy/provider/bedrock.go:370.4,371.9 2 0
github.com/alibaba/higress/plugins/wasm-go/extensions/ai-proxy/provider/bedrock.go:373.3,374.60 2 0
github.com/alibaba/higress/plugins/wasm-go/extensions/ai-proxy/provider/bedrock.go:374.60,375.92 1 0
github.com/alibaba/higress/plugins/wasm-go/extensions/ai-proxy/provider/bedrock.go:375.92,377.5 1 0
github.com/alibaba/higress/plugins/wasm-go/extensions/ai-proxy/provider/bedrock.go:378.4,378.34 1 0
github.com/alibaba/higress/plugins/wasm-go/extensions/ai-proxy/provider/bedrock.go:380.3,380.39 1 0
github.com/alibaba/higress/plugins/wasm-go/extensions/ai-proxy/provider/bedrock.go:382.2,382.33 1 0
github.com/alibaba/higress/plugins/wasm-go/extensions/ai-proxy/provider/bedrock.go:382.33,384.3 1 0
github.com/alibaba/higress/plugins/wasm-go/extensions/ai-proxy/provider/bedrock.go:384.8,386.3 1 0
github.com/alibaba/higress/plugins/wasm-go/extensions/ai-proxy/provider/bedrock.go:387.2,387.15 1 0
github.com/alibaba/higress/plugins/wasm-go/extensions/ai-proxy/provider/bedrock.go:390.54,391.33 1 0
github.com/alibaba/higress/plugins/wasm-go/extensions/ai-proxy/provider/bedrock.go:391.33,392.35 1 0
github.com/alibaba/higress/plugins/wasm-go/extensions/ai-proxy/provider/bedrock.go:392.35,395.4 2 0
github.com/alibaba/higress/plugins/wasm-go/extensions/ai-proxy/provider/bedrock.go:397.2,397.18 1 0
github.com/alibaba/higress/plugins/wasm-go/extensions/ai-proxy/provider/bedrock.go:421.50,423.26 2 0
github.com/alibaba/higress/plugins/wasm-go/extensions/ai-proxy/provider/bedrock.go:423.26,424.28 1 0
github.com/alibaba/higress/plugins/wasm-go/extensions/ai-proxy/provider/bedrock.go:424.28,427.4 2 0
github.com/alibaba/higress/plugins/wasm-go/extensions/ai-proxy/provider/bedrock.go:430.2,432.4 1 0
github.com/alibaba/higress/plugins/wasm-go/extensions/ai-proxy/provider/bedrock.go:435.93,440.16 4 0
github.com/alibaba/higress/plugins/wasm-go/extensions/ai-proxy/provider/bedrock.go:440.16,442.3 1 0
github.com/alibaba/higress/plugins/wasm-go/extensions/ai-proxy/provider/bedrock.go:444.2,444.28 1 0
github.com/alibaba/higress/plugins/wasm-go/extensions/ai-proxy/provider/bedrock.go:444.28,447.17 3 0
github.com/alibaba/higress/plugins/wasm-go/extensions/ai-proxy/provider/bedrock.go:447.17,449.4 1 0
github.com/alibaba/higress/plugins/wasm-go/extensions/ai-proxy/provider/bedrock.go:452.2,452.56 1 0
github.com/alibaba/higress/plugins/wasm-go/extensions/ai-proxy/provider/bedrock.go:452.56,454.17 2 0
github.com/alibaba/higress/plugins/wasm-go/extensions/ai-proxy/provider/bedrock.go:454.17,456.4 1 0
github.com/alibaba/higress/plugins/wasm-go/extensions/ai-proxy/provider/bedrock.go:457.3,457.18 1 0
github.com/alibaba/higress/plugins/wasm-go/extensions/ai-proxy/provider/bedrock.go:460.2,461.52 2 0
github.com/alibaba/higress/plugins/wasm-go/extensions/ai-proxy/provider/bedrock.go:461.52,463.3 1 0
github.com/alibaba/higress/plugins/wasm-go/extensions/ai-proxy/provider/bedrock.go:465.2,465.15 1 0
github.com/alibaba/higress/plugins/wasm-go/extensions/ai-proxy/provider/bedrock.go:468.50,471.6 2 0
github.com/alibaba/higress/plugins/wasm-go/extensions/ai-proxy/provider/bedrock.go:471.6,473.17 2 0
github.com/alibaba/higress/plugins/wasm-go/extensions/ai-proxy/provider/bedrock.go:473.17,474.21 1 0
github.com/alibaba/higress/plugins/wasm-go/extensions/ai-proxy/provider/bedrock.go:474.21,476.10 1 0
github.com/alibaba/higress/plugins/wasm-go/extensions/ai-proxy/provider/bedrock.go:478.4,478.19 1 0
github.com/alibaba/higress/plugins/wasm-go/extensions/ai-proxy/provider/bedrock.go:481.3,482.17 2 0
github.com/alibaba/higress/plugins/wasm-go/extensions/ai-proxy/provider/bedrock.go:482.17,484.4 1 0
github.com/alibaba/higress/plugins/wasm-go/extensions/ai-proxy/provider/bedrock.go:486.3,486.22 1 0
github.com/alibaba/higress/plugins/wasm-go/extensions/ai-proxy/provider/bedrock.go:489.2,489.16 1 0
github.com/alibaba/higress/plugins/wasm-go/extensions/ai-proxy/provider/bedrock.go:492.52,496.16 3 0
github.com/alibaba/higress/plugins/wasm-go/extensions/ai-proxy/provider/bedrock.go:496.16,498.3 1 0
github.com/alibaba/higress/plugins/wasm-go/extensions/ai-proxy/provider/bedrock.go:499.2,503.18 3 0
github.com/alibaba/higress/plugins/wasm-go/extensions/ai-proxy/provider/bedrock.go:504.23,507.9 3 0
github.com/alibaba/higress/plugins/wasm-go/extensions/ai-proxy/provider/bedrock.go:508.10,509.48 1 0
github.com/alibaba/higress/plugins/wasm-go/extensions/ai-proxy/provider/bedrock.go:513.2,513.15 1 0
github.com/alibaba/higress/plugins/wasm-go/extensions/ai-proxy/provider/bedrock.go:522.40,524.2 1 0
github.com/alibaba/higress/plugins/wasm-go/extensions/ai-proxy/provider/bedrock.go:526.49,528.16 2 0
github.com/alibaba/higress/plugins/wasm-go/extensions/ai-proxy/provider/bedrock.go:528.16,530.3 1 0
github.com/alibaba/higress/plugins/wasm-go/extensions/ai-proxy/provider/bedrock.go:532.2,533.12 2 0
github.com/alibaba/higress/plugins/wasm-go/extensions/ai-proxy/provider/bedrock.go:536.52,540.16 4 0
github.com/alibaba/higress/plugins/wasm-go/extensions/ai-proxy/provider/bedrock.go:540.16,542.3 1 0
github.com/alibaba/higress/plugins/wasm-go/extensions/ai-proxy/provider/bedrock.go:544.2,546.16 3 0
github.com/alibaba/higress/plugins/wasm-go/extensions/ai-proxy/provider/bedrock.go:546.16,548.3 1 0
github.com/alibaba/higress/plugins/wasm-go/extensions/ai-proxy/provider/bedrock.go:550.2,550.17 1 0
github.com/alibaba/higress/plugins/wasm-go/extensions/ai-proxy/provider/bedrock.go:553.48,557.16 4 0
github.com/alibaba/higress/plugins/wasm-go/extensions/ai-proxy/provider/bedrock.go:557.16,559.3 1 0
github.com/alibaba/higress/plugins/wasm-go/extensions/ai-proxy/provider/bedrock.go:560.2,560.41 1 0
github.com/alibaba/higress/plugins/wasm-go/extensions/ai-proxy/provider/bedrock.go:563.53,566.2 2 0
github.com/alibaba/higress/plugins/wasm-go/extensions/ai-proxy/provider/bedrock.go:589.52,594.16 4 0
github.com/alibaba/higress/plugins/wasm-go/extensions/ai-proxy/provider/bedrock.go:594.16,596.3 1 0
github.com/alibaba/higress/plugins/wasm-go/extensions/ai-proxy/provider/bedrock.go:598.2,599.48 2 0
github.com/alibaba/higress/plugins/wasm-go/extensions/ai-proxy/provider/bedrock.go:599.48,601.3 1 0
github.com/alibaba/higress/plugins/wasm-go/extensions/ai-proxy/provider/bedrock.go:603.2,603.26 1 0
github.com/alibaba/higress/plugins/wasm-go/extensions/ai-proxy/provider/bedrock.go:606.46,611.34 2 0
github.com/alibaba/higress/plugins/wasm-go/extensions/ai-proxy/provider/bedrock.go:611.34,614.3 2 0
github.com/alibaba/higress/plugins/wasm-go/extensions/ai-proxy/provider/bedrock.go:616.2,618.18 3 0
github.com/alibaba/higress/plugins/wasm-go/extensions/ai-proxy/provider/bedrock.go:628.61,633.2 3 0
github.com/alibaba/higress/plugins/wasm-go/extensions/ai-proxy/provider/bedrock.go:641.46,642.19 1 0
github.com/alibaba/higress/plugins/wasm-go/extensions/ai-proxy/provider/bedrock.go:642.19,644.3 1 0
github.com/alibaba/higress/plugins/wasm-go/extensions/ai-proxy/provider/bedrock.go:645.2,645.12 1 0
github.com/alibaba/higress/plugins/wasm-go/extensions/ai-proxy/provider/bedrock.go:648.45,650.2 1 0
github.com/alibaba/higress/plugins/wasm-go/extensions/ai-proxy/provider/bedrock.go:652.74,657.16 4 0
github.com/alibaba/higress/plugins/wasm-go/extensions/ai-proxy/provider/bedrock.go:657.16,659.3 1 0
github.com/alibaba/higress/plugins/wasm-go/extensions/ai-proxy/provider/bedrock.go:661.2,662.16 2 0
github.com/alibaba/higress/plugins/wasm-go/extensions/ai-proxy/provider/bedrock.go:662.16,664.3 1 0
github.com/alibaba/higress/plugins/wasm-go/extensions/ai-proxy/provider/bedrock.go:666.2,666.41 1 0
github.com/alibaba/higress/plugins/wasm-go/extensions/ai-proxy/provider/bedrock.go:666.41,668.3 1 0
github.com/alibaba/higress/plugins/wasm-go/extensions/ai-proxy/provider/bedrock.go:670.2,671.51 2 0
github.com/alibaba/higress/plugins/wasm-go/extensions/ai-proxy/provider/bedrock.go:671.51,673.3 1 0
github.com/alibaba/higress/plugins/wasm-go/extensions/ai-proxy/provider/bedrock.go:675.2,677.15 2 0
github.com/alibaba/higress/plugins/wasm-go/extensions/ai-proxy/provider/bedrock.go:680.48,684.16 4 0
github.com/alibaba/higress/plugins/wasm-go/extensions/ai-proxy/provider/bedrock.go:684.16,686.3 1 0
github.com/alibaba/higress/plugins/wasm-go/extensions/ai-proxy/provider/bedrock.go:687.2,687.41 1 0
github.com/alibaba/higress/plugins/wasm-go/extensions/ai-proxy/provider/bedrock.go:690.52,692.16 2 0
github.com/alibaba/higress/plugins/wasm-go/extensions/ai-proxy/provider/bedrock.go:692.16,694.3 1 0
github.com/alibaba/higress/plugins/wasm-go/extensions/ai-proxy/provider/bedrock.go:696.2,696.22 1 0
github.com/alibaba/higress/plugins/wasm-go/extensions/ai-proxy/provider/bedrock.go:696.22,698.3 1 0
github.com/alibaba/higress/plugins/wasm-go/extensions/ai-proxy/provider/bedrock.go:700.2,700.12 1 0
github.com/alibaba/higress/plugins/wasm-go/extensions/ai-proxy/provider/bedrock.go:703.115,705.73 2 0
github.com/alibaba/higress/plugins/wasm-go/extensions/ai-proxy/provider/bedrock.go:705.73,707.3 1 0
github.com/alibaba/higress/plugins/wasm-go/extensions/ai-proxy/provider/bedrock.go:708.2,708.31 1 0
github.com/alibaba/higress/plugins/wasm-go/extensions/ai-proxy/provider/bedrock.go:711.52,713.2 1 0
github.com/alibaba/higress/plugins/wasm-go/extensions/ai-proxy/provider/bedrock.go:715.59,716.9 1 0
github.com/alibaba/higress/plugins/wasm-go/extensions/ai-proxy/provider/bedrock.go:717.52,718.31 1 0
github.com/alibaba/higress/plugins/wasm-go/extensions/ai-proxy/provider/bedrock.go:719.50,720.32 1 0
github.com/alibaba/higress/plugins/wasm-go/extensions/ai-proxy/provider/bedrock.go:721.10,722.12 1 0
github.com/alibaba/higress/plugins/wasm-go/extensions/ai-proxy/provider/bedrock.go:726.92,729.2 2 0
github.com/alibaba/higress/plugins/wasm-go/extensions/ai-proxy/provider/bedrock.go:731.114,732.41 1 0
github.com/alibaba/higress/plugins/wasm-go/extensions/ai-proxy/provider/bedrock.go:732.41,737.34 4 0
github.com/alibaba/higress/plugins/wasm-go/extensions/ai-proxy/provider/bedrock.go:737.34,740.4 2 0
github.com/alibaba/higress/plugins/wasm-go/extensions/ai-proxy/provider/bedrock.go:741.3,741.9 1 0
github.com/alibaba/higress/plugins/wasm-go/extensions/ai-proxy/provider/bedrock.go:744.2,749.33 2 0
github.com/alibaba/higress/plugins/wasm-go/extensions/ai-proxy/provider/bedrock.go:749.33,751.3 1 0
github.com/alibaba/higress/plugins/wasm-go/extensions/ai-proxy/provider/bedrock.go:754.118,757.27 1 0
github.com/alibaba/higress/plugins/wasm-go/extensions/ai-proxy/provider/bedrock.go:757.27,762.3 4 0
github.com/alibaba/higress/plugins/wasm-go/extensions/ai-proxy/provider/bedrock.go:764.2,764.39 1 0
github.com/alibaba/higress/plugins/wasm-go/extensions/ai-proxy/provider/bedrock.go:764.39,766.3 1 0
github.com/alibaba/higress/plugins/wasm-go/extensions/ai-proxy/provider/bedrock.go:767.2,767.74 1 0
github.com/alibaba/higress/plugins/wasm-go/extensions/ai-proxy/provider/bedrock.go:770.147,773.17 3 0
github.com/alibaba/higress/plugins/wasm-go/extensions/ai-proxy/provider/bedrock.go:774.29,775.75 1 0
github.com/alibaba/higress/plugins/wasm-go/extensions/ai-proxy/provider/bedrock.go:776.32,777.78 1 0
github.com/alibaba/higress/plugins/wasm-go/extensions/ai-proxy/provider/bedrock.go:778.30,779.76 1 0
github.com/alibaba/higress/plugins/wasm-go/extensions/ai-proxy/provider/bedrock.go:780.10,781.82 1 0
github.com/alibaba/higress/plugins/wasm-go/extensions/ai-proxy/provider/bedrock.go:784.2,784.16 1 0
github.com/alibaba/higress/plugins/wasm-go/extensions/ai-proxy/provider/bedrock.go:784.16,786.3 1 0
github.com/alibaba/higress/plugins/wasm-go/extensions/ai-proxy/provider/bedrock.go:790.2,791.29 2 0
github.com/alibaba/higress/plugins/wasm-go/extensions/ai-proxy/provider/bedrock.go:794.120,795.17 1 0
github.com/alibaba/higress/plugins/wasm-go/extensions/ai-proxy/provider/bedrock.go:796.29,797.51 1 0
github.com/alibaba/higress/plugins/wasm-go/extensions/ai-proxy/provider/bedrock.go:798.32,799.19 1 0
github.com/alibaba/higress/plugins/wasm-go/extensions/ai-proxy/provider/bedrock.go:800.30,801.47 1 0
github.com/alibaba/higress/plugins/wasm-go/extensions/ai-proxy/provider/bedrock.go:803.2,803.35 1 0
github.com/alibaba/higress/plugins/wasm-go/extensions/ai-proxy/provider/bedrock.go:806.86,808.62 2 0
github.com/alibaba/higress/plugins/wasm-go/extensions/ai-proxy/provider/bedrock.go:808.62,811.3 2 0
github.com/alibaba/higress/plugins/wasm-go/extensions/ai-proxy/provider/bedrock.go:812.2,813.31 2 0
github.com/alibaba/higress/plugins/wasm-go/extensions/ai-proxy/provider/bedrock.go:816.131,819.16 3 0
github.com/alibaba/higress/plugins/wasm-go/extensions/ai-proxy/provider/bedrock.go:819.16,821.3 1 0
github.com/alibaba/higress/plugins/wasm-go/extensions/ai-proxy/provider/bedrock.go:822.2,824.63 3 0
github.com/alibaba/higress/plugins/wasm-go/extensions/ai-proxy/provider/bedrock.go:827.133,828.43 1 0
github.com/alibaba/higress/plugins/wasm-go/extensions/ai-proxy/provider/bedrock.go:828.43,831.3 2 0
github.com/alibaba/higress/plugins/wasm-go/extensions/ai-proxy/provider/bedrock.go:831.8,833.3 1 0
github.com/alibaba/higress/plugins/wasm-go/extensions/ai-proxy/provider/bedrock.go:835.2,836.55 2 0
github.com/alibaba/higress/plugins/wasm-go/extensions/ai-proxy/provider/bedrock.go:836.55,838.3 1 0
github.com/alibaba/higress/plugins/wasm-go/extensions/ai-proxy/provider/bedrock.go:839.2,839.45 1 0
github.com/alibaba/higress/plugins/wasm-go/extensions/ai-proxy/provider/bedrock.go:842.53,843.31 1 0
github.com/alibaba/higress/plugins/wasm-go/extensions/ai-proxy/provider/bedrock.go:843.31,845.3 1 0
github.com/alibaba/higress/plugins/wasm-go/extensions/ai-proxy/provider/bedrock.go:846.2,846.29 1 0
github.com/alibaba/higress/plugins/wasm-go/extensions/ai-proxy/provider/bedrock.go:849.136,852.21 3 0
github.com/alibaba/higress/plugins/wasm-go/extensions/ai-proxy/provider/bedrock.go:852.21,855.3 2 0
github.com/alibaba/higress/plugins/wasm-go/extensions/ai-proxy/provider/bedrock.go:857.2,869.30 2 0
github.com/alibaba/higress/plugins/wasm-go/extensions/ai-proxy/provider/bedrock.go:872.137,874.47 2 0
github.com/alibaba/higress/plugins/wasm-go/extensions/ai-proxy/provider/bedrock.go:874.47,878.3 1 0
github.com/alibaba/higress/plugins/wasm-go/extensions/ai-proxy/provider/bedrock.go:879.2,882.3 1 0
github.com/alibaba/higress/plugins/wasm-go/extensions/ai-proxy/provider/bedrock.go:885.110,887.62 2 0
github.com/alibaba/higress/plugins/wasm-go/extensions/ai-proxy/provider/bedrock.go:887.62,890.3 2 0
github.com/alibaba/higress/plugins/wasm-go/extensions/ai-proxy/provider/bedrock.go:891.2,892.31 2 0
github.com/alibaba/higress/plugins/wasm-go/extensions/ai-proxy/provider/bedrock.go:895.130,898.16 3 0
github.com/alibaba/higress/plugins/wasm-go/extensions/ai-proxy/provider/bedrock.go:898.16,900.3 1 0
github.com/alibaba/higress/plugins/wasm-go/extensions/ai-proxy/provider/bedrock.go:901.2,903.15 3 0
github.com/alibaba/higress/plugins/wasm-go/extensions/ai-proxy/provider/bedrock.go:903.15,905.3 1 0
github.com/alibaba/higress/plugins/wasm-go/extensions/ai-proxy/provider/bedrock.go:905.8,907.3 1 0
github.com/alibaba/higress/plugins/wasm-go/extensions/ai-proxy/provider/bedrock.go:908.2,908.62 1 0
github.com/alibaba/higress/plugins/wasm-go/extensions/ai-proxy/provider/bedrock.go:911.134,915.43 3 1
github.com/alibaba/higress/plugins/wasm-go/extensions/ai-proxy/provider/bedrock.go:915.43,916.19 1 1
github.com/alibaba/higress/plugins/wasm-go/extensions/ai-proxy/provider/bedrock.go:917.19,918.90 1 1
github.com/alibaba/higress/plugins/wasm-go/extensions/ai-proxy/provider/bedrock.go:919.17,921.40 2 1
github.com/alibaba/higress/plugins/wasm-go/extensions/ai-proxy/provider/bedrock.go:921.40,923.5 1 1
github.com/alibaba/higress/plugins/wasm-go/extensions/ai-proxy/provider/bedrock.go:924.4,924.129 1 1
github.com/alibaba/higress/plugins/wasm-go/extensions/ai-proxy/provider/bedrock.go:924.129,926.5 1 0
github.com/alibaba/higress/plugins/wasm-go/extensions/ai-proxy/provider/bedrock.go:926.10,931.5 1 1
github.com/alibaba/higress/plugins/wasm-go/extensions/ai-proxy/provider/bedrock.go:932.11,933.64 1 1
github.com/alibaba/higress/plugins/wasm-go/extensions/ai-proxy/provider/bedrock.go:937.2,953.38 3 1
github.com/alibaba/higress/plugins/wasm-go/extensions/ai-proxy/provider/bedrock.go:953.38,955.3 1 0
github.com/alibaba/higress/plugins/wasm-go/extensions/ai-proxy/provider/bedrock.go:956.2,956.52 1 1
github.com/alibaba/higress/plugins/wasm-go/extensions/ai-proxy/provider/bedrock.go:956.52,957.93 1 0
github.com/alibaba/higress/plugins/wasm-go/extensions/ai-proxy/provider/bedrock.go:957.93,959.4 1 0
github.com/alibaba/higress/plugins/wasm-go/extensions/ai-proxy/provider/bedrock.go:960.8,960.48 1 1
github.com/alibaba/higress/plugins/wasm-go/extensions/ai-proxy/provider/bedrock.go:960.48,962.3 1 0
github.com/alibaba/higress/plugins/wasm-go/extensions/ai-proxy/provider/bedrock.go:964.2,965.21 2 1
github.com/alibaba/higress/plugins/wasm-go/extensions/ai-proxy/provider/bedrock.go:965.21,967.165 2 1
github.com/alibaba/higress/plugins/wasm-go/extensions/ai-proxy/provider/bedrock.go:967.165,971.4 1 1
github.com/alibaba/higress/plugins/wasm-go/extensions/ai-proxy/provider/bedrock.go:972.8,972.46 1 1
github.com/alibaba/higress/plugins/wasm-go/extensions/ai-proxy/provider/bedrock.go:972.46,974.38 2 0
github.com/alibaba/higress/plugins/wasm-go/extensions/ai-proxy/provider/bedrock.go:975.14,976.25 1 0
github.com/alibaba/higress/plugins/wasm-go/extensions/ai-proxy/provider/bedrock.go:977.17,978.25 1 0
github.com/alibaba/higress/plugins/wasm-go/extensions/ai-proxy/provider/bedrock.go:979.15,980.26 1 0
github.com/alibaba/higress/plugins/wasm-go/extensions/ai-proxy/provider/bedrock.go:982.3,985.4 1 0
github.com/alibaba/higress/plugins/wasm-go/extensions/ai-proxy/provider/bedrock.go:987.2,987.73 1 1
github.com/alibaba/higress/plugins/wasm-go/extensions/ai-proxy/provider/bedrock.go:987.73,988.35 1 1
github.com/alibaba/higress/plugins/wasm-go/extensions/ai-proxy/provider/bedrock.go:988.35,990.4 1 1
github.com/alibaba/higress/plugins/wasm-go/extensions/ai-proxy/provider/bedrock.go:993.2,993.75 1 1
github.com/alibaba/higress/plugins/wasm-go/extensions/ai-proxy/provider/bedrock.go:993.75,997.72 4 1
github.com/alibaba/higress/plugins/wasm-go/extensions/ai-proxy/provider/bedrock.go:997.72,998.23 1 1
github.com/alibaba/higress/plugins/wasm-go/extensions/ai-proxy/provider/bedrock.go:1001.27,1002.21 1 1
github.com/alibaba/higress/plugins/wasm-go/extensions/ai-proxy/provider/bedrock.go:1002.21,1005.6 2 0
github.com/alibaba/higress/plugins/wasm-go/extensions/ai-proxy/provider/bedrock.go:1006.16,1007.53 1 0
github.com/alibaba/higress/plugins/wasm-go/extensions/ai-proxy/provider/bedrock.go:1008.20,1009.113 1 0
github.com/alibaba/higress/plugins/wasm-go/extensions/ai-proxy/provider/bedrock.go:1009.113,1014.6 2 0
github.com/alibaba/higress/plugins/wasm-go/extensions/ai-proxy/provider/bedrock.go:1017.3,1018.42 2 1
github.com/alibaba/higress/plugins/wasm-go/extensions/ai-proxy/provider/bedrock.go:1018.42,1026.4 1 1
github.com/alibaba/higress/plugins/wasm-go/extensions/ai-proxy/provider/bedrock.go:1029.2,1029.59 1 1
github.com/alibaba/higress/plugins/wasm-go/extensions/ai-proxy/provider/bedrock.go:1029.59,1031.3 1 0
github.com/alibaba/higress/plugins/wasm-go/extensions/ai-proxy/provider/bedrock.go:1033.2,1033.30 1 1
github.com/alibaba/higress/plugins/wasm-go/extensions/ai-proxy/provider/bedrock.go:1036.146,1039.65 3 1
github.com/alibaba/higress/plugins/wasm-go/extensions/ai-proxy/provider/bedrock.go:1039.65,1040.38 1 1
github.com/alibaba/higress/plugins/wasm-go/extensions/ai-proxy/provider/bedrock.go:1040.38,1041.53 1 1
github.com/alibaba/higress/plugins/wasm-go/extensions/ai-proxy/provider/bedrock.go:1041.53,1044.38 3 1
github.com/alibaba/higress/plugins/wasm-go/extensions/ai-proxy/provider/bedrock.go:1044.38,1051.6 2 1
github.com/alibaba/higress/plugins/wasm-go/extensions/ai-proxy/provider/bedrock.go:1053.4,1053.54 1 1
github.com/alibaba/higress/plugins/wasm-go/extensions/ai-proxy/provider/bedrock.go:1053.54,1058.5 1 1
github.com/alibaba/higress/plugins/wasm-go/extensions/ai-proxy/provider/bedrock.go:1060.3,1060.29 1 1
github.com/alibaba/higress/plugins/wasm-go/extensions/ai-proxy/provider/bedrock.go:1060.29,1062.20 2 1
github.com/alibaba/higress/plugins/wasm-go/extensions/ai-proxy/provider/bedrock.go:1062.20,1064.5 1 0
github.com/alibaba/higress/plugins/wasm-go/extensions/ai-proxy/provider/bedrock.go:1065.4,1070.6 1 1
github.com/alibaba/higress/plugins/wasm-go/extensions/ai-proxy/provider/bedrock.go:1072.3,1072.25 1 1
github.com/alibaba/higress/plugins/wasm-go/extensions/ai-proxy/provider/bedrock.go:1072.25,1079.4 3 1
github.com/alibaba/higress/plugins/wasm-go/extensions/ai-proxy/provider/bedrock.go:1081.2,1081.16 1 1
github.com/alibaba/higress/plugins/wasm-go/extensions/ai-proxy/provider/bedrock.go:1081.16,1083.61 2 1
github.com/alibaba/higress/plugins/wasm-go/extensions/ai-proxy/provider/bedrock.go:1083.61,1085.4 1 1
github.com/alibaba/higress/plugins/wasm-go/extensions/ai-proxy/provider/bedrock.go:1087.2,1097.65 3 1
github.com/alibaba/higress/plugins/wasm-go/extensions/ai-proxy/provider/bedrock.go:1097.65,1098.29 1 1
github.com/alibaba/higress/plugins/wasm-go/extensions/ai-proxy/provider/bedrock.go:1098.29,1108.4 2 1
github.com/alibaba/higress/plugins/wasm-go/extensions/ai-proxy/provider/bedrock.go:1110.2,1126.3 4 1
github.com/alibaba/higress/plugins/wasm-go/extensions/ai-proxy/provider/bedrock.go:1129.97,1132.39 2 1
github.com/alibaba/higress/plugins/wasm-go/extensions/ai-proxy/provider/bedrock.go:1132.39,1134.3 1 1
github.com/alibaba/higress/plugins/wasm-go/extensions/ai-proxy/provider/bedrock.go:1135.2,1137.48 3 1
github.com/alibaba/higress/plugins/wasm-go/extensions/ai-proxy/provider/bedrock.go:1140.53,1141.16 1 1
github.com/alibaba/higress/plugins/wasm-go/extensions/ai-proxy/provider/bedrock.go:1142.18,1143.26 1 1
github.com/alibaba/higress/plugins/wasm-go/extensions/ai-proxy/provider/bedrock.go:1144.23,1145.26 1 0
github.com/alibaba/higress/plugins/wasm-go/extensions/ai-proxy/provider/bedrock.go:1146.20,1147.28 1 0
github.com/alibaba/higress/plugins/wasm-go/extensions/ai-proxy/provider/bedrock.go:1148.18,1149.30 1 1
github.com/alibaba/higress/plugins/wasm-go/extensions/ai-proxy/provider/bedrock.go:1150.10,1151.16 1 0
github.com/alibaba/higress/plugins/wasm-go/extensions/ai-proxy/provider/bedrock.go:1155.75,1157.29 2 0
github.com/alibaba/higress/plugins/wasm-go/extensions/ai-proxy/provider/bedrock.go:1158.10,1159.19 1 0
github.com/alibaba/higress/plugins/wasm-go/extensions/ai-proxy/provider/bedrock.go:1160.19,1163.18 1 0
github.com/alibaba/higress/plugins/wasm-go/extensions/ai-proxy/provider/bedrock.go:1164.13,1165.33 1 0
github.com/alibaba/higress/plugins/wasm-go/extensions/ai-proxy/provider/bedrock.go:1166.10,1168.19 2 0
github.com/alibaba/higress/plugins/wasm-go/extensions/ai-proxy/provider/bedrock.go:1172.61,1176.30 4 1
github.com/alibaba/higress/plugins/wasm-go/extensions/ai-proxy/provider/bedrock.go:1176.30,1178.3 1 1
github.com/alibaba/higress/plugins/wasm-go/extensions/ai-proxy/provider/bedrock.go:1179.2,1179.19 1 1
github.com/alibaba/higress/plugins/wasm-go/extensions/ai-proxy/provider/bedrock.go:1182.53,1186.2 2 1
github.com/alibaba/higress/plugins/wasm-go/extensions/ai-proxy/provider/bedrock.go:1188.98,1189.39 1 1
github.com/alibaba/higress/plugins/wasm-go/extensions/ai-proxy/provider/bedrock.go:1189.39,1191.3 1 0
github.com/alibaba/higress/plugins/wasm-go/extensions/ai-proxy/provider/bedrock.go:1192.2,1192.41 1 1
github.com/alibaba/higress/plugins/wasm-go/extensions/ai-proxy/provider/bedrock.go:1192.41,1194.3 1 0
github.com/alibaba/higress/plugins/wasm-go/extensions/ai-proxy/provider/bedrock.go:1195.2,1195.11 1 1
github.com/alibaba/higress/plugins/wasm-go/extensions/ai-proxy/provider/bedrock.go:1198.74,1199.54 1 0
github.com/alibaba/higress/plugins/wasm-go/extensions/ai-proxy/provider/bedrock.go:1199.54,1204.3 1 0
github.com/alibaba/higress/plugins/wasm-go/extensions/ai-proxy/provider/bedrock.go:1205.2,1210.73 2 0
github.com/alibaba/higress/plugins/wasm-go/extensions/ai-proxy/provider/bedrock.go:1210.73,1212.14 2 0
github.com/alibaba/higress/plugins/wasm-go/extensions/ai-proxy/provider/bedrock.go:1213.126,1214.28 1 0
github.com/alibaba/higress/plugins/wasm-go/extensions/ai-proxy/provider/bedrock.go:1215.11,1216.77 1 0
github.com/alibaba/higress/plugins/wasm-go/extensions/ai-proxy/provider/bedrock.go:1219.2,1219.18 1 0
github.com/alibaba/higress/plugins/wasm-go/extensions/ai-proxy/provider/bedrock.go:1222.60,1226.13 4 0
github.com/alibaba/higress/plugins/wasm-go/extensions/ai-proxy/provider/bedrock.go:1227.22,1228.47 1 0
github.com/alibaba/higress/plugins/wasm-go/extensions/ai-proxy/provider/bedrock.go:1229.25,1230.50 1 0
github.com/alibaba/higress/plugins/wasm-go/extensions/ai-proxy/provider/bedrock.go:1231.21,1232.46 1 0
github.com/alibaba/higress/plugins/wasm-go/extensions/ai-proxy/provider/bedrock.go:1233.10,1234.13 1 0
github.com/alibaba/higress/plugins/wasm-go/extensions/ai-proxy/provider/bedrock.go:1238.119,1239.81 1 0
github.com/alibaba/higress/plugins/wasm-go/extensions/ai-proxy/provider/bedrock.go:1239.81,1246.3 1 0
github.com/alibaba/higress/plugins/wasm-go/extensions/ai-proxy/provider/bedrock.go:1248.2,1249.57 2 0
github.com/alibaba/higress/plugins/wasm-go/extensions/ai-proxy/provider/bedrock.go:1249.57,1251.32 2 0
github.com/alibaba/higress/plugins/wasm-go/extensions/ai-proxy/provider/bedrock.go:1251.32,1253.4 1 0
github.com/alibaba/higress/plugins/wasm-go/extensions/ai-proxy/provider/bedrock.go:1255.2,1255.82 1 0
github.com/alibaba/higress/plugins/wasm-go/extensions/ai-proxy/provider/bedrock.go:1255.82,1257.47 2 0
github.com/alibaba/higress/plugins/wasm-go/extensions/ai-proxy/provider/bedrock.go:1257.47,1259.4 1 0
github.com/alibaba/higress/plugins/wasm-go/extensions/ai-proxy/provider/bedrock.go:1263.77,1264.42 1 0
github.com/alibaba/higress/plugins/wasm-go/extensions/ai-proxy/provider/bedrock.go:1264.42,1265.31 1 0
github.com/alibaba/higress/plugins/wasm-go/extensions/ai-proxy/provider/bedrock.go:1265.31,1267.4 1 0
github.com/alibaba/higress/plugins/wasm-go/extensions/ai-proxy/provider/bedrock.go:1269.2,1269.11 1 0
github.com/alibaba/higress/plugins/wasm-go/extensions/ai-proxy/provider/bedrock.go:1272.106,1273.63 1 1
github.com/alibaba/higress/plugins/wasm-go/extensions/ai-proxy/provider/bedrock.go:1273.63,1275.3 1 1
github.com/alibaba/higress/plugins/wasm-go/extensions/ai-proxy/provider/bedrock.go:1276.2,1281.4 1 1
github.com/alibaba/higress/plugins/wasm-go/extensions/ai-proxy/provider/bedrock.go:1284.105,1286.28 2 1
github.com/alibaba/higress/plugins/wasm-go/extensions/ai-proxy/provider/bedrock.go:1286.28,1288.3 1 1
github.com/alibaba/higress/plugins/wasm-go/extensions/ai-proxy/provider/bedrock.go:1289.2,1291.3 1 0
github.com/alibaba/higress/plugins/wasm-go/extensions/ai-proxy/provider/bedrock.go:1452.94,1455.50 3 1
github.com/alibaba/higress/plugins/wasm-go/extensions/ai-proxy/provider/bedrock.go:1455.50,1461.3 1 1
github.com/alibaba/higress/plugins/wasm-go/extensions/ai-proxy/provider/bedrock.go:1461.8,1461.63 1 0
github.com/alibaba/higress/plugins/wasm-go/extensions/ai-proxy/provider/bedrock.go:1461.63,1462.43 1 0
github.com/alibaba/higress/plugins/wasm-go/extensions/ai-proxy/provider/bedrock.go:1462.43,1464.51 2 0
github.com/alibaba/higress/plugins/wasm-go/extensions/ai-proxy/provider/bedrock.go:1464.51,1465.61 1 0
github.com/alibaba/higress/plugins/wasm-go/extensions/ai-proxy/provider/bedrock.go:1465.61,1469.6 1 0
github.com/alibaba/higress/plugins/wasm-go/extensions/ai-proxy/provider/bedrock.go:1472.8,1474.3 1 0
github.com/alibaba/higress/plugins/wasm-go/extensions/ai-proxy/provider/bedrock.go:1475.2,1477.3 1 1
github.com/alibaba/higress/plugins/wasm-go/extensions/ai-proxy/provider/bedrock.go:1480.73,1482.46 2 1
github.com/alibaba/higress/plugins/wasm-go/extensions/ai-proxy/provider/bedrock.go:1482.46,1487.3 1 1
github.com/alibaba/higress/plugins/wasm-go/extensions/ai-proxy/provider/bedrock.go:1488.2,1488.36 1 1
github.com/alibaba/higress/plugins/wasm-go/extensions/ai-proxy/provider/bedrock.go:1488.36,1490.50 2 0
github.com/alibaba/higress/plugins/wasm-go/extensions/ai-proxy/provider/bedrock.go:1490.50,1500.4 3 0
github.com/alibaba/higress/plugins/wasm-go/extensions/ai-proxy/provider/bedrock.go:1501.3,1504.4 1 0
github.com/alibaba/higress/plugins/wasm-go/extensions/ai-proxy/provider/bedrock.go:1505.8,1505.42 1 1
github.com/alibaba/higress/plugins/wasm-go/extensions/ai-proxy/provider/bedrock.go:1505.42,1510.3 1 1
github.com/alibaba/higress/plugins/wasm-go/extensions/ai-proxy/provider/bedrock.go:1510.8,1513.38 3 0
github.com/alibaba/higress/plugins/wasm-go/extensions/ai-proxy/provider/bedrock.go:1513.38,1515.36 2 0
github.com/alibaba/higress/plugins/wasm-go/extensions/ai-proxy/provider/bedrock.go:1515.36,1517.5 1 0
github.com/alibaba/higress/plugins/wasm-go/extensions/ai-proxy/provider/bedrock.go:1517.10,1517.47 1 0
github.com/alibaba/higress/plugins/wasm-go/extensions/ai-proxy/provider/bedrock.go:1517.47,1520.19 3 0
github.com/alibaba/higress/plugins/wasm-go/extensions/ai-proxy/provider/bedrock.go:1520.19,1522.14 2 0
github.com/alibaba/higress/plugins/wasm-go/extensions/ai-proxy/provider/bedrock.go:1524.5,1530.6 2 0
github.com/alibaba/higress/plugins/wasm-go/extensions/ai-proxy/provider/bedrock.go:1531.10,1533.13 2 0
github.com/alibaba/higress/plugins/wasm-go/extensions/ai-proxy/provider/bedrock.go:1535.4,1535.40 1 0
github.com/alibaba/higress/plugins/wasm-go/extensions/ai-proxy/provider/bedrock.go:1537.3,1540.4 1 0
github.com/alibaba/higress/plugins/wasm-go/extensions/ai-proxy/provider/bedrock.go:1542.2,1542.15 1 1
github.com/alibaba/higress/plugins/wasm-go/extensions/ai-proxy/provider/bedrock.go:1545.102,1547.31 2 1
github.com/alibaba/higress/plugins/wasm-go/extensions/ai-proxy/provider/bedrock.go:1547.31,1548.21 1 1
github.com/alibaba/higress/plugins/wasm-go/extensions/ai-proxy/provider/bedrock.go:1549.15,1550.68 1 0
github.com/alibaba/higress/plugins/wasm-go/extensions/ai-proxy/provider/bedrock.go:1551.16,1552.60 1 0
github.com/alibaba/higress/plugins/wasm-go/extensions/ai-proxy/provider/bedrock.go:1552.60,1557.5 1 0
github.com/alibaba/higress/plugins/wasm-go/extensions/ai-proxy/provider/bedrock.go:1558.19,1563.7 1 1
github.com/alibaba/higress/plugins/wasm-go/extensions/ai-proxy/provider/bedrock.go:1564.22,1565.101 1 1
github.com/alibaba/higress/plugins/wasm-go/extensions/ai-proxy/provider/bedrock.go:1566.19,1569.7 1 1
github.com/alibaba/higress/plugins/wasm-go/extensions/ai-proxy/provider/bedrock.go:1570.28,1573.7 1 1
github.com/alibaba/higress/plugins/wasm-go/extensions/ai-proxy/provider/bedrock.go:1576.2,1576.15 1 1
github.com/alibaba/higress/plugins/wasm-go/extensions/ai-proxy/provider/bedrock.go:1579.79,1580.18 1 1
github.com/alibaba/higress/plugins/wasm-go/extensions/ai-proxy/provider/bedrock.go:1580.18,1582.3 1 0
github.com/alibaba/higress/plugins/wasm-go/extensions/ai-proxy/provider/bedrock.go:1583.2,1583.15 1 1
github.com/alibaba/higress/plugins/wasm-go/extensions/ai-proxy/provider/bedrock.go:1586.93,1587.75 1 1
github.com/alibaba/higress/plugins/wasm-go/extensions/ai-proxy/provider/bedrock.go:1587.75,1589.3 1 1
github.com/alibaba/higress/plugins/wasm-go/extensions/ai-proxy/provider/bedrock.go:1590.2,1591.28 2 1
github.com/alibaba/higress/plugins/wasm-go/extensions/ai-proxy/provider/bedrock.go:1591.28,1593.3 1 0
github.com/alibaba/higress/plugins/wasm-go/extensions/ai-proxy/provider/bedrock.go:1594.2,1594.61 1 1
github.com/alibaba/higress/plugins/wasm-go/extensions/ai-proxy/provider/bedrock.go:1594.61,1596.3 1 1
github.com/alibaba/higress/plugins/wasm-go/extensions/ai-proxy/provider/bedrock.go:1597.2,1597.15 1 1
github.com/alibaba/higress/plugins/wasm-go/extensions/ai-proxy/provider/bedrock.go:1600.56,1601.16 1 1
github.com/alibaba/higress/plugins/wasm-go/extensions/ai-proxy/provider/bedrock.go:1602.31,1603.14 1 1
github.com/alibaba/higress/plugins/wasm-go/extensions/ai-proxy/provider/bedrock.go:1604.10,1605.15 1 1
github.com/alibaba/higress/plugins/wasm-go/extensions/ai-proxy/provider/bedrock.go:1609.86,1611.19 2 1
github.com/alibaba/higress/plugins/wasm-go/extensions/ai-proxy/provider/bedrock.go:1611.19,1613.3 1 1
github.com/alibaba/higress/plugins/wasm-go/extensions/ai-proxy/provider/bedrock.go:1614.2,1614.26 1 1
github.com/alibaba/higress/plugins/wasm-go/extensions/ai-proxy/provider/bedrock.go:1614.26,1617.3 2 1
github.com/alibaba/higress/plugins/wasm-go/extensions/ai-proxy/provider/bedrock.go:1618.2,1618.28 1 1
github.com/alibaba/higress/plugins/wasm-go/extensions/ai-proxy/provider/bedrock.go:1618.28,1621.3 2 1
github.com/alibaba/higress/plugins/wasm-go/extensions/ai-proxy/provider/bedrock.go:1622.2,1622.48 1 1
github.com/alibaba/higress/plugins/wasm-go/extensions/ai-proxy/provider/bedrock.go:1622.48,1623.20 1 1
github.com/alibaba/higress/plugins/wasm-go/extensions/ai-proxy/provider/bedrock.go:1624.15,1625.94 1 1
github.com/alibaba/higress/plugins/wasm-go/extensions/ai-proxy/provider/bedrock.go:1626.16,1627.58 1 0
github.com/alibaba/higress/plugins/wasm-go/extensions/ai-proxy/provider/bedrock.go:1627.58,1632.5 1 0
github.com/alibaba/higress/plugins/wasm-go/extensions/ai-proxy/provider/bedrock.go:1635.2,1635.30 1 1
github.com/alibaba/higress/plugins/wasm-go/extensions/ai-proxy/provider/bedrock.go:1635.30,1637.3 1 0
github.com/alibaba/higress/plugins/wasm-go/extensions/ai-proxy/provider/bedrock.go:1638.2,1638.15 1 1
github.com/alibaba/higress/plugins/wasm-go/extensions/ai-proxy/provider/bedrock.go:1641.93,1644.33 1 0
github.com/alibaba/higress/plugins/wasm-go/extensions/ai-proxy/provider/bedrock.go:1644.33,1646.3 1 0
github.com/alibaba/higress/plugins/wasm-go/extensions/ai-proxy/provider/bedrock.go:1649.2,1658.224 10 0
github.com/alibaba/higress/plugins/wasm-go/extensions/ai-proxy/provider/bedrock.go:1661.98,1663.2 1 1
github.com/alibaba/higress/plugins/wasm-go/extensions/ai-proxy/provider/bedrock.go:1665.125,1684.2 13 1
github.com/alibaba/higress/plugins/wasm-go/extensions/ai-proxy/provider/bedrock.go:1686.48,1687.41 1 0
github.com/alibaba/higress/plugins/wasm-go/extensions/ai-proxy/provider/bedrock.go:1687.41,1689.3 1 0
github.com/alibaba/higress/plugins/wasm-go/extensions/ai-proxy/provider/bedrock.go:1690.2,1690.26 1 0
github.com/alibaba/higress/plugins/wasm-go/extensions/ai-proxy/provider/bedrock.go:1693.56,1694.40 1 1
github.com/alibaba/higress/plugins/wasm-go/extensions/ai-proxy/provider/bedrock.go:1694.40,1696.3 1 0
github.com/alibaba/higress/plugins/wasm-go/extensions/ai-proxy/provider/bedrock.go:1697.2,1697.50 1 1
github.com/alibaba/higress/plugins/wasm-go/extensions/ai-proxy/provider/bedrock.go:1700.42,1703.61 1 1
github.com/alibaba/higress/plugins/wasm-go/extensions/ai-proxy/provider/bedrock.go:1703.61,1705.3 1 1
github.com/alibaba/higress/plugins/wasm-go/extensions/ai-proxy/provider/bedrock.go:1707.2,1708.31 2 1
github.com/alibaba/higress/plugins/wasm-go/extensions/ai-proxy/provider/bedrock.go:1708.31,1709.16 1 1
github.com/alibaba/higress/plugins/wasm-go/extensions/ai-proxy/provider/bedrock.go:1709.16,1710.12 1 1
github.com/alibaba/higress/plugins/wasm-go/extensions/ai-proxy/provider/bedrock.go:1712.3,1712.36 1 1
github.com/alibaba/higress/plugins/wasm-go/extensions/ai-proxy/provider/bedrock.go:1714.2,1714.36 1 1
github.com/alibaba/higress/plugins/wasm-go/extensions/ai-proxy/provider/bedrock.go:1717.69,1723.2 5 1
github.com/alibaba/higress/plugins/wasm-go/extensions/ai-proxy/provider/bedrock.go:1725.49,1729.2 3 1
github.com/alibaba/higress/plugins/wasm-go/extensions/ai-proxy/provider/bedrock.go:1731.36,1735.2 3 1
github.com/alibaba/higress/plugins/wasm-go/extensions/ai-proxy/provider/bedrock.go:1737.46,1741.2 3 1
github.com/alibaba/higress/plugins/wasm-go/extensions/ai-proxy/provider/bedrock.go:1743.65,1746.22 3 0
github.com/alibaba/higress/plugins/wasm-go/extensions/ai-proxy/provider/bedrock.go:1746.22,1748.3 1 0
github.com/alibaba/higress/plugins/wasm-go/extensions/ai-proxy/provider/bedrock.go:1750.2,1752.20 3 0
github.com/alibaba/higress/plugins/wasm-go/extensions/ai-proxy/provider/bedrock.go:1752.20,1754.3 1 0
github.com/alibaba/higress/plugins/wasm-go/extensions/ai-proxy/provider/bedrock.go:1755.2,1755.34 1 0
github.com/alibaba/higress/plugins/wasm-go/extensions/ai-proxy/provider/claude.go:86.73,89.59 2 1
github.com/alibaba/higress/plugins/wasm-go/extensions/ai-proxy/provider/claude.go:89.59,93.3 3 1
github.com/alibaba/higress/plugins/wasm-go/extensions/ai-proxy/provider/claude.go:96.2,97.58 2 1
github.com/alibaba/higress/plugins/wasm-go/extensions/ai-proxy/provider/claude.go:97.58,101.3 3 1
github.com/alibaba/higress/plugins/wasm-go/extensions/ai-proxy/provider/claude.go:101.8,103.3 1 0
github.com/alibaba/higress/plugins/wasm-go/extensions/ai-proxy/provider/claude.go:105.2,105.90 1 0
github.com/alibaba/higress/plugins/wasm-go/extensions/ai-proxy/provider/claude.go:109.69,110.18 1 1
github.com/alibaba/higress/plugins/wasm-go/extensions/ai-proxy/provider/claude.go:110.18,112.3 1 1
github.com/alibaba/higress/plugins/wasm-go/extensions/ai-proxy/provider/claude.go:113.2,113.37 1 1
github.com/alibaba/higress/plugins/wasm-go/extensions/ai-proxy/provider/claude.go:117.63,118.18 1 1
github.com/alibaba/higress/plugins/wasm-go/extensions/ai-proxy/provider/claude.go:118.18,120.3 1 1
github.com/alibaba/higress/plugins/wasm-go/extensions/ai-proxy/provider/claude.go:122.2,123.39 2 1
github.com/alibaba/higress/plugins/wasm-go/extensions/ai-proxy/provider/claude.go:123.39,124.23 1 1
github.com/alibaba/higress/plugins/wasm-go/extensions/ai-proxy/provider/claude.go:124.23,126.4 1 1
github.com/alibaba/higress/plugins/wasm-go/extensions/ai-proxy/provider/claude.go:128.2,128.34 1 1
github.com/alibaba/higress/plugins/wasm-go/extensions/ai-proxy/provider/claude.go:132.82,133.19 1 1
github.com/alibaba/higress/plugins/wasm-go/extensions/ai-proxy/provider/claude.go:133.19,135.3 1 1
github.com/alibaba/higress/plugins/wasm-go/extensions/ai-proxy/provider/claude.go:136.2,136.12 1 0
github.com/alibaba/higress/plugins/wasm-go/extensions/ai-proxy/provider/claude.go:140.66,145.2 1 1
github.com/alibaba/higress/plugins/wasm-go/extensions/ai-proxy/provider/claude.go:148.85,153.2 1 1
github.com/alibaba/higress/plugins/wasm-go/extensions/ai-proxy/provider/claude.go:166.65,169.59 2 1
github.com/alibaba/higress/plugins/wasm-go/extensions/ai-proxy/provider/claude.go:169.59,173.3 3 1
github.com/alibaba/higress/plugins/wasm-go/extensions/ai-proxy/provider/claude.go:176.2,177.58 2 1
github.com/alibaba/higress/plugins/wasm-go/extensions/ai-proxy/provider/claude.go:177.58,181.3 3 1
github.com/alibaba/higress/plugins/wasm-go/extensions/ai-proxy/provider/claude.go:183.2,183.86 1 0
github.com/alibaba/higress/plugins/wasm-go/extensions/ai-proxy/provider/claude.go:187.61,188.17 1 1
github.com/alibaba/higress/plugins/wasm-go/extensions/ai-proxy/provider/claude.go:188.17,190.3 1 1
github.com/alibaba/higress/plugins/wasm-go/extensions/ai-proxy/provider/claude.go:191.2,191.38 1 0
github.com/alibaba/higress/plugins/wasm-go/extensions/ai-proxy/provider/claude.go:195.47,196.17 1 0
github.com/alibaba/higress/plugins/wasm-go/extensions/ai-proxy/provider/claude.go:196.17,199.40 2 0
github.com/alibaba/higress/plugins/wasm-go/extensions/ai-proxy/provider/claude.go:199.40,200.24 1 0
github.com/alibaba/higress/plugins/wasm-go/extensions/ai-proxy/provider/claude.go:200.24,202.5 1 0
github.com/alibaba/higress/plugins/wasm-go/extensions/ai-proxy/provider/claude.go:204.3,204.35 1 0
github.com/alibaba/higress/plugins/wasm-go/extensions/ai-proxy/provider/claude.go:206.2,206.24 1 0
github.com/alibaba/higress/plugins/wasm-go/extensions/ai-proxy/provider/claude.go:216.67,218.2 1 1
github.com/alibaba/higress/plugins/wasm-go/extensions/ai-proxy/provider/claude.go:299.82,300.32 1 1
github.com/alibaba/higress/plugins/wasm-go/extensions/ai-proxy/provider/claude.go:300.32,302.3 1 1
github.com/alibaba/higress/plugins/wasm-go/extensions/ai-proxy/provider/claude.go:303.2,303.12 1 1
github.com/alibaba/higress/plugins/wasm-go/extensions/ai-proxy/provider/claude.go:306.77,315.2 1 1
github.com/alibaba/higress/plugins/wasm-go/extensions/ai-proxy/provider/claude.go:317.93,323.2 2 1
github.com/alibaba/higress/plugins/wasm-go/extensions/ai-proxy/provider/claude.go:334.51,336.2 1 1
github.com/alibaba/higress/plugins/wasm-go/extensions/ai-proxy/provider/claude.go:338.91,341.2 2 0
github.com/alibaba/higress/plugins/wasm-go/extensions/ai-proxy/provider/claude.go:343.113,347.31 3 0
github.com/alibaba/higress/plugins/wasm-go/extensions/ai-proxy/provider/claude.go:347.31,349.3 1 0
github.com/alibaba/higress/plugins/wasm-go/extensions/ai-proxy/provider/claude.go:350.2,353.29 2 0
github.com/alibaba/higress/plugins/wasm-go/extensions/ai-proxy/provider/claude.go:353.29,366.71 8 0
github.com/alibaba/higress/plugins/wasm-go/extensions/ai-proxy/provider/claude.go:366.71,367.42 1 0
github.com/alibaba/higress/plugins/wasm-go/extensions/ai-proxy/provider/claude.go:367.42,369.5 1 0
github.com/alibaba/higress/plugins/wasm-go/extensions/ai-proxy/provider/claude.go:369.10,371.5 1 0
github.com/alibaba/higress/plugins/wasm-go/extensions/ai-proxy/provider/claude.go:373.8,377.3 2 0
github.com/alibaba/higress/plugins/wasm-go/extensions/ai-proxy/provider/claude.go:380.117,381.39 1 0
github.com/alibaba/higress/plugins/wasm-go/extensions/ai-proxy/provider/claude.go:381.39,383.3 1 0
github.com/alibaba/higress/plugins/wasm-go/extensions/ai-proxy/provider/claude.go:384.2,384.74 1 0
github.com/alibaba/higress/plugins/wasm-go/extensions/ai-proxy/provider/claude.go:387.118,388.38 1 0
github.com/alibaba/higress/plugins/wasm-go/extensions/ai-proxy/provider/claude.go:388.38,390.3 1 0
github.com/alibaba/higress/plugins/wasm-go/extensions/ai-proxy/provider/claude.go:391.2,392.77 2 0
github.com/alibaba/higress/plugins/wasm-go/extensions/ai-proxy/provider/claude.go:392.77,394.3 1 0
github.com/alibaba/higress/plugins/wasm-go/extensions/ai-proxy/provider/claude.go:395.2,396.36 2 0
github.com/alibaba/higress/plugins/wasm-go/extensions/ai-proxy/provider/claude.go:399.119,400.38 1 0
github.com/alibaba/higress/plugins/wasm-go/extensions/ai-proxy/provider/claude.go:400.38,402.3 1 0
github.com/alibaba/higress/plugins/wasm-go/extensions/ai-proxy/provider/claude.go:403.2,404.61 2 0
github.com/alibaba/higress/plugins/wasm-go/extensions/ai-proxy/provider/claude.go:404.61,406.3 1 0
github.com/alibaba/higress/plugins/wasm-go/extensions/ai-proxy/provider/claude.go:407.2,407.33 1 0
github.com/alibaba/higress/plugins/wasm-go/extensions/ai-proxy/provider/claude.go:407.33,409.3 1 0
github.com/alibaba/higress/plugins/wasm-go/extensions/ai-proxy/provider/claude.go:410.2,411.31 2 0
github.com/alibaba/higress/plugins/wasm-go/extensions/ai-proxy/provider/claude.go:414.137,415.36 1 0
github.com/alibaba/higress/plugins/wasm-go/extensions/ai-proxy/provider/claude.go:415.36,417.3 1 0
github.com/alibaba/higress/plugins/wasm-go/extensions/ai-proxy/provider/claude.go:419.2,419.35 1 0
github.com/alibaba/higress/plugins/wasm-go/extensions/ai-proxy/provider/claude.go:419.35,421.3 1 0
github.com/alibaba/higress/plugins/wasm-go/extensions/ai-proxy/provider/claude.go:423.2,425.29 3 0
github.com/alibaba/higress/plugins/wasm-go/extensions/ai-proxy/provider/claude.go:425.29,427.39 1 0
github.com/alibaba/higress/plugins/wasm-go/extensions/ai-proxy/provider/claude.go:427.39,431.76 3 0
github.com/alibaba/higress/plugins/wasm-go/extensions/ai-proxy/provider/claude.go:431.76,433.13 2 0
github.com/alibaba/higress/plugins/wasm-go/extensions/ai-proxy/provider/claude.go:435.4,436.23 2 0
github.com/alibaba/higress/plugins/wasm-go/extensions/ai-proxy/provider/claude.go:436.23,438.19 2 0
github.com/alibaba/higress/plugins/wasm-go/extensions/ai-proxy/provider/claude.go:438.19,441.6 2 0
github.com/alibaba/higress/plugins/wasm-go/extensions/ai-proxy/provider/claude.go:442.5,442.60 1 0
github.com/alibaba/higress/plugins/wasm-go/extensions/ai-proxy/provider/claude.go:446.2,448.43 3 0
github.com/alibaba/higress/plugins/wasm-go/extensions/ai-proxy/provider/claude.go:451.110,461.34 2 1
github.com/alibaba/higress/plugins/wasm-go/extensions/ai-proxy/provider/claude.go:461.34,463.3 1 0
github.com/alibaba/higress/plugins/wasm-go/extensions/ai-proxy/provider/claude.go:465.2,465.43 1 1
github.com/alibaba/higress/plugins/wasm-go/extensions/ai-proxy/provider/claude.go:465.43,467.3 1 1
github.com/alibaba/higress/plugins/wasm-go/extensions/ai-proxy/provider/claude.go:468.2,468.39 1 1
github.com/alibaba/higress/plugins/wasm-go/extensions/ai-proxy/provider/claude.go:468.39,470.3 1 1
github.com/alibaba/higress/plugins/wasm-go/extensions/ai-proxy/provider/claude.go:473.2,473.112 1 1
github.com/alibaba/higress/plugins/wasm-go/extensions/ai-proxy/provider/claude.go:473.112,475.41 2 1
github.com/alibaba/higress/plugins/wasm-go/extensions/ai-proxy/provider/claude.go:475.41,477.4 1 1
github.com/alibaba/higress/plugins/wasm-go/extensions/ai-proxy/provider/claude.go:477.9,479.39 1 1
github.com/alibaba/higress/plugins/wasm-go/extensions/ai-proxy/provider/claude.go:480.15,481.24 1 1
github.com/alibaba/higress/plugins/wasm-go/extensions/ai-proxy/provider/claude.go:482.18,483.24 1 0
github.com/alibaba/higress/plugins/wasm-go/extensions/ai-proxy/provider/claude.go:484.16,485.25 1 1
github.com/alibaba/higress/plugins/wasm-go/extensions/ai-proxy/provider/claude.go:486.12,487.24 1 0
github.com/alibaba/higress/plugins/wasm-go/extensions/ai-proxy/provider/claude.go:490.3,490.51 1 1
github.com/alibaba/higress/plugins/wasm-go/extensions/ai-proxy/provider/claude.go:490.51,492.4 1 0
github.com/alibaba/higress/plugins/wasm-go/extensions/ai-proxy/provider/claude.go:493.3,493.46 1 1
github.com/alibaba/higress/plugins/wasm-go/extensions/ai-proxy/provider/claude.go:493.46,495.4 1 1
github.com/alibaba/higress/plugins/wasm-go/extensions/ai-proxy/provider/claude.go:496.3,496.52 1 1
github.com/alibaba/higress/plugins/wasm-go/extensions/ai-proxy/provider/claude.go:496.52,501.4 1 1
github.com/alibaba/higress/plugins/wasm-go/extensions/ai-proxy/provider/claude.go:505.2,506.47 2 1
github.com/alibaba/higress/plugins/wasm-go/extensions/ai-proxy/provider/claude.go:506.47,507.33 1 1
github.com/alibaba/higress/plugins/wasm-go/extensions/ai-proxy/provider/claude.go:507.33,510.31 2 1
github.com/alibaba/higress/plugins/wasm-go/extensions/ai-proxy/provider/claude.go:510.31,523.5 1 1
github.com/alibaba/higress/plugins/wasm-go/extensions/ai-proxy/provider/claude.go:523.10,528.5 1 1
github.com/alibaba/higress/plugins/wasm-go/extensions/ai-proxy/provider/claude.go:529.4,529.12 1 1
github.com/alibaba/higress/plugins/wasm-go/extensions/ai-proxy/provider/claude.go:532.3,532.43 1 1
github.com/alibaba/higress/plugins/wasm-go/extensions/ai-proxy/provider/claude.go:532.43,534.24 2 1
github.com/alibaba/higress/plugins/wasm-go/extensions/ai-proxy/provider/claude.go:534.24,536.5 1 1
github.com/alibaba/higress/plugins/wasm-go/extensions/ai-proxy/provider/claude.go:537.4,541.12 2 1
github.com/alibaba/higress/plugins/wasm-go/extensions/ai-proxy/provider/claude.go:545.3,545.31 1 1
github.com/alibaba/higress/plugins/wasm-go/extensions/ai-proxy/provider/claude.go:545.31,551.33 2 1
github.com/alibaba/higress/plugins/wasm-go/extensions/ai-proxy/provider/claude.go:551.33,556.5 1 1
github.com/alibaba/higress/plugins/wasm-go/extensions/ai-proxy/provider/claude.go:556.10,559.49 2 0
github.com/alibaba/higress/plugins/wasm-go/extensions/ai-proxy/provider/claude.go:559.49,560.38 1 0
github.com/alibaba/higress/plugins/wasm-go/extensions/ai-proxy/provider/claude.go:560.38,562.7 1 0
github.com/alibaba/higress/plugins/wasm-go/extensions/ai-proxy/provider/claude.go:564.5,567.6 1 0
github.com/alibaba/higress/plugins/wasm-go/extensions/ai-proxy/provider/claude.go:571.4,571.39 1 1
github.com/alibaba/higress/plugins/wasm-go/extensions/ai-proxy/provider/claude.go:571.39,573.62 2 1
github.com/alibaba/higress/plugins/wasm-go/extensions/ai-proxy/provider/claude.go:573.62,576.57 2 1
github.com/alibaba/higress/plugins/wasm-go/extensions/ai-proxy/provider/claude.go:576.57,577.40 1 1
github.com/alibaba/higress/plugins/wasm-go/extensions/ai-proxy/provider/claude.go:577.40,579.13 2 1
github.com/alibaba/higress/plugins/wasm-go/extensions/ai-proxy/provider/claude.go:582.6,582.23 1 1
github.com/alibaba/higress/plugins/wasm-go/extensions/ai-proxy/provider/claude.go:582.23,585.15 2 1
github.com/alibaba/higress/plugins/wasm-go/extensions/ai-proxy/provider/claude.go:591.4,596.12 3 1
github.com/alibaba/higress/plugins/wasm-go/extensions/ai-proxy/provider/claude.go:599.3,604.66 2 1
github.com/alibaba/higress/plugins/wasm-go/extensions/ai-proxy/provider/claude.go:604.66,608.66 2 1
github.com/alibaba/higress/plugins/wasm-go/extensions/ai-proxy/provider/claude.go:608.66,613.5 1 1
github.com/alibaba/higress/plugins/wasm-go/extensions/ai-proxy/provider/claude.go:616.4,616.41 1 1
github.com/alibaba/higress/plugins/wasm-go/extensions/ai-proxy/provider/claude.go:616.41,618.36 2 1
github.com/alibaba/higress/plugins/wasm-go/extensions/ai-proxy/provider/claude.go:618.36,619.85 1 1
github.com/alibaba/higress/plugins/wasm-go/extensions/ai-proxy/provider/claude.go:619.85,622.7 2 0
github.com/alibaba/higress/plugins/wasm-go/extensions/ai-proxy/provider/claude.go:623.11,625.6 1 0
github.com/alibaba/higress/plugins/wasm-go/extensions/ai-proxy/provider/claude.go:627.5,632.7 1 1
github.com/alibaba/higress/plugins/wasm-go/extensions/ai-proxy/provider/claude.go:635.4,637.12 3 1
github.com/alibaba/higress/plugins/wasm-go/extensions/ai-proxy/provider/claude.go:640.3,640.32 1 1
github.com/alibaba/higress/plugins/wasm-go/extensions/ai-proxy/provider/claude.go:640.32,642.4 1 1
github.com/alibaba/higress/plugins/wasm-go/extensions/ai-proxy/provider/claude.go:642.9,644.58 2 0
github.com/alibaba/higress/plugins/wasm-go/extensions/ai-proxy/provider/claude.go:644.58,645.32 1 0
github.com/alibaba/higress/plugins/wasm-go/extensions/ai-proxy/provider/claude.go:646.26,650.8 1 0
github.com/alibaba/higress/plugins/wasm-go/extensions/ai-proxy/provider/claude.go:651.30,652.65 1 0
github.com/alibaba/higress/plugins/wasm-go/extensions/ai-proxy/provider/claude.go:652.65,654.26 2 0
github.com/alibaba/higress/plugins/wasm-go/extensions/ai-proxy/provider/claude.go:654.26,656.16 2 0
github.com/alibaba/higress/plugins/wasm-go/extensions/ai-proxy/provider/claude.go:658.7,665.9 1 0
github.com/alibaba/higress/plugins/wasm-go/extensions/ai-proxy/provider/claude.go:666.12,674.7 1 0
github.com/alibaba/higress/plugins/wasm-go/extensions/ai-proxy/provider/claude.go:675.26,682.8 1 0
github.com/alibaba/higress/plugins/wasm-go/extensions/ai-proxy/provider/claude.go:683.13,685.14 2 0
github.com/alibaba/higress/plugins/wasm-go/extensions/ai-proxy/provider/claude.go:688.4,688.64 1 0
github.com/alibaba/higress/plugins/wasm-go/extensions/ai-proxy/provider/claude.go:690.3,690.73 1 1
github.com/alibaba/higress/plugins/wasm-go/extensions/ai-proxy/provider/claude.go:694.2,694.50 1 1
github.com/alibaba/higress/plugins/wasm-go/extensions/ai-proxy/provider/claude.go:694.50,707.3 1 1
github.com/alibaba/higress/plugins/wasm-go/extensions/ai-proxy/provider/claude.go:709.2,709.41 1 1
github.com/alibaba/higress/plugins/wasm-go/extensions/ai-proxy/provider/claude.go:709.41,716.3 2 1
github.com/alibaba/higress/plugins/wasm-go/extensions/ai-proxy/provider/claude.go:718.2,718.35 1 1
github.com/alibaba/higress/plugins/wasm-go/extensions/ai-proxy/provider/claude.go:718.35,720.43 2 1
github.com/alibaba/higress/plugins/wasm-go/extensions/ai-proxy/provider/claude.go:720.43,722.4 1 1
github.com/alibaba/higress/plugins/wasm-go/extensions/ai-proxy/provider/claude.go:723.3,726.124 3 1
github.com/alibaba/higress/plugins/wasm-go/extensions/ai-proxy/provider/claude.go:726.124,732.4 1 1
github.com/alibaba/higress/plugins/wasm-go/extensions/ai-proxy/provider/claude.go:732.9,732.30 1 1
github.com/alibaba/higress/plugins/wasm-go/extensions/ai-proxy/provider/claude.go:732.30,733.22 1 1
github.com/alibaba/higress/plugins/wasm-go/extensions/ai-proxy/provider/claude.go:734.20,735.23 1 1
github.com/alibaba/higress/plugins/wasm-go/extensions/ai-proxy/provider/claude.go:736.20,737.24 1 0
github.com/alibaba/higress/plugins/wasm-go/extensions/ai-proxy/provider/claude.go:739.4,739.68 1 1
github.com/alibaba/higress/plugins/wasm-go/extensions/ai-proxy/provider/claude.go:739.68,741.5 1 1
github.com/alibaba/higress/plugins/wasm-go/extensions/ai-proxy/provider/claude.go:742.4,745.28 2 1
github.com/alibaba/higress/plugins/wasm-go/extensions/ai-proxy/provider/claude.go:745.28,747.5 1 1
github.com/alibaba/higress/plugins/wasm-go/extensions/ai-proxy/provider/claude.go:751.2,751.23 1 1
github.com/alibaba/higress/plugins/wasm-go/extensions/ai-proxy/provider/claude.go:754.134,762.47 7 1
github.com/alibaba/higress/plugins/wasm-go/extensions/ai-proxy/provider/claude.go:762.47,763.23 1 1
github.com/alibaba/higress/plugins/wasm-go/extensions/ai-proxy/provider/claude.go:764.24,765.27 1 1
github.com/alibaba/higress/plugins/wasm-go/extensions/ai-proxy/provider/claude.go:765.27,767.5 1 1
github.com/alibaba/higress/plugins/wasm-go/extensions/ai-proxy/provider/claude.go:768.4,768.50 1 1
github.com/alibaba/higress/plugins/wasm-go/extensions/ai-proxy/provider/claude.go:769.19,770.31 1 1
github.com/alibaba/higress/plugins/wasm-go/extensions/ai-proxy/provider/claude.go:770.31,772.5 1 1
github.com/alibaba/higress/plugins/wasm-go/extensions/ai-proxy/provider/claude.go:773.4,773.32 1 1
github.com/alibaba/higress/plugins/wasm-go/extensions/ai-proxy/provider/claude.go:773.32,775.5 1 1
github.com/alibaba/higress/plugins/wasm-go/extensions/ai-proxy/provider/claude.go:776.4,776.50 1 1
github.com/alibaba/higress/plugins/wasm-go/extensions/ai-proxy/provider/claude.go:777.28,779.50 2 1
github.com/alibaba/higress/plugins/wasm-go/extensions/ai-proxy/provider/claude.go:780.19,783.28 3 0
github.com/alibaba/higress/plugins/wasm-go/extensions/ai-proxy/provider/claude.go:783.28,785.5 1 0
github.com/alibaba/higress/plugins/wasm-go/extensions/ai-proxy/provider/claude.go:785.10,787.5 1 0
github.com/alibaba/higress/plugins/wasm-go/extensions/ai-proxy/provider/claude.go:788.4,795.6 1 0
github.com/alibaba/higress/plugins/wasm-go/extensions/ai-proxy/provider/claude.go:798.2,798.16 1 1
github.com/alibaba/higress/plugins/wasm-go/extensions/ai-proxy/provider/claude.go:798.16,800.61 2 1
github.com/alibaba/higress/plugins/wasm-go/extensions/ai-proxy/provider/claude.go:800.61,802.4 1 1
github.com/alibaba/higress/plugins/wasm-go/extensions/ai-proxy/provider/claude.go:805.2,828.79 3 1
github.com/alibaba/higress/plugins/wasm-go/extensions/ai-proxy/provider/claude.go:828.79,834.3 1 0
github.com/alibaba/higress/plugins/wasm-go/extensions/ai-proxy/provider/claude.go:836.2,836.17 1 1
github.com/alibaba/higress/plugins/wasm-go/extensions/ai-proxy/provider/claude.go:839.53,840.19 1 1
github.com/alibaba/higress/plugins/wasm-go/extensions/ai-proxy/provider/claude.go:840.19,842.3 1 1
github.com/alibaba/higress/plugins/wasm-go/extensions/ai-proxy/provider/claude.go:843.2,843.17 1 0
github.com/alibaba/higress/plugins/wasm-go/extensions/ai-proxy/provider/claude.go:844.18,845.26 1 0
github.com/alibaba/higress/plugins/wasm-go/extensions/ai-proxy/provider/claude.go:846.23,847.26 1 0
github.com/alibaba/higress/plugins/wasm-go/extensions/ai-proxy/provider/claude.go:848.20,849.28 1 0
github.com/alibaba/higress/plugins/wasm-go/extensions/ai-proxy/provider/claude.go:850.18,851.30 1 0
github.com/alibaba/higress/plugins/wasm-go/extensions/ai-proxy/provider/claude.go:852.10,853.17 1 0
github.com/alibaba/higress/plugins/wasm-go/extensions/ai-proxy/provider/claude.go:857.146,858.27 1 1
github.com/alibaba/higress/plugins/wasm-go/extensions/ai-proxy/provider/claude.go:859.23,860.34 1 0
github.com/alibaba/higress/plugins/wasm-go/extensions/ai-proxy/provider/claude.go:860.34,867.4 3 0
github.com/alibaba/higress/plugins/wasm-go/extensions/ai-proxy/provider/claude.go:868.3,869.32 2 0
github.com/alibaba/higress/plugins/wasm-go/extensions/ai-proxy/provider/claude.go:869.32,871.4 1 0
github.com/alibaba/higress/plugins/wasm-go/extensions/ai-proxy/provider/claude.go:872.3,876.67 2 0
github.com/alibaba/higress/plugins/wasm-go/extensions/ai-proxy/provider/claude.go:878.29,880.128 2 0
github.com/alibaba/higress/plugins/wasm-go/extensions/ai-proxy/provider/claude.go:880.128,882.33 2 0
github.com/alibaba/higress/plugins/wasm-go/extensions/ai-proxy/provider/claude.go:882.33,884.5 1 0
github.com/alibaba/higress/plugins/wasm-go/extensions/ai-proxy/provider/claude.go:885.4,892.68 2 0
github.com/alibaba/higress/plugins/wasm-go/extensions/ai-proxy/provider/claude.go:895.3,895.87 1 0
github.com/alibaba/higress/plugins/wasm-go/extensions/ai-proxy/provider/claude.go:895.87,897.33 2 0
github.com/alibaba/higress/plugins/wasm-go/extensions/ai-proxy/provider/claude.go:897.33,899.5 1 0
github.com/alibaba/higress/plugins/wasm-go/extensions/ai-proxy/provider/claude.go:900.4,916.68 2 0
github.com/alibaba/higress/plugins/wasm-go/extensions/ai-proxy/provider/claude.go:918.3,918.13 1 0
github.com/alibaba/higress/plugins/wasm-go/extensions/ai-proxy/provider/claude.go:920.29,922.32 2 1
github.com/alibaba/higress/plugins/wasm-go/extensions/ai-proxy/provider/claude.go:922.32,924.4 1 1
github.com/alibaba/higress/plugins/wasm-go/extensions/ai-proxy/provider/claude.go:926.3,926.81 1 1
github.com/alibaba/higress/plugins/wasm-go/extensions/ai-proxy/provider/claude.go:926.81,942.4 2 1
github.com/alibaba/higress/plugins/wasm-go/extensions/ai-proxy/provider/claude.go:944.3,944.79 1 1
github.com/alibaba/higress/plugins/wasm-go/extensions/ai-proxy/provider/claude.go:944.79,947.36 3 0
github.com/alibaba/higress/plugins/wasm-go/extensions/ai-proxy/provider/claude.go:947.36,949.5 1 0
github.com/alibaba/higress/plugins/wasm-go/extensions/ai-proxy/provider/claude.go:950.4,954.68 2 0
github.com/alibaba/higress/plugins/wasm-go/extensions/ai-proxy/provider/claude.go:956.3,956.80 1 1
github.com/alibaba/higress/plugins/wasm-go/extensions/ai-proxy/provider/claude.go:956.80,958.37 2 1
github.com/alibaba/higress/plugins/wasm-go/extensions/ai-proxy/provider/claude.go:958.37,960.5 1 0
github.com/alibaba/higress/plugins/wasm-go/extensions/ai-proxy/provider/claude.go:961.4,968.68 2 1
github.com/alibaba/higress/plugins/wasm-go/extensions/ai-proxy/provider/claude.go:971.3,975.67 2 0
github.com/alibaba/higress/plugins/wasm-go/extensions/ai-proxy/provider/claude.go:977.23,978.32 1 0
github.com/alibaba/higress/plugins/wasm-go/extensions/ai-proxy/provider/claude.go:978.32,981.4 2 0
github.com/alibaba/higress/plugins/wasm-go/extensions/ai-proxy/provider/claude.go:983.3,984.32 2 0
github.com/alibaba/higress/plugins/wasm-go/extensions/ai-proxy/provider/claude.go:984.32,986.4 1 0
github.com/alibaba/higress/plugins/wasm-go/extensions/ai-proxy/provider/claude.go:987.3,992.67 2 0
github.com/alibaba/higress/plugins/wasm-go/extensions/ai-proxy/provider/claude.go:993.22,1006.4 1 0
github.com/alibaba/higress/plugins/wasm-go/extensions/ai-proxy/provider/claude.go:1007.28,1009.36 2 1
github.com/alibaba/higress/plugins/wasm-go/extensions/ai-proxy/provider/claude.go:1009.36,1011.4 1 0
github.com/alibaba/higress/plugins/wasm-go/extensions/ai-proxy/provider/claude.go:1012.3,1013.32 2 1
github.com/alibaba/higress/plugins/wasm-go/extensions/ai-proxy/provider/claude.go:1013.32,1015.4 1 1
github.com/alibaba/higress/plugins/wasm-go/extensions/ai-proxy/provider/claude.go:1016.3,1022.67 2 1
github.com/alibaba/higress/plugins/wasm-go/extensions/ai-proxy/provider/claude.go:1023.14,1025.13 2 0
github.com/alibaba/higress/plugins/wasm-go/extensions/ai-proxy/provider/claude.go:1026.10,1028.13 2 0
github.com/alibaba/higress/plugins/wasm-go/extensions/ai-proxy/provider/claude.go:1032.172,1041.2 1 1
github.com/alibaba/higress/plugins/wasm-go/extensions/ai-proxy/provider/claude.go:1043.96,1045.2 1 0
github.com/alibaba/higress/plugins/wasm-go/extensions/ai-proxy/provider/claude.go:1047.126,1049.54 2 0
github.com/alibaba/higress/plugins/wasm-go/extensions/ai-proxy/provider/claude.go:1049.54,1051.3 1 0
github.com/alibaba/higress/plugins/wasm-go/extensions/ai-proxy/provider/claude.go:1053.2,1054.21 2 0
github.com/alibaba/higress/plugins/wasm-go/extensions/ai-proxy/provider/claude.go:1054.21,1059.3 1 0
github.com/alibaba/higress/plugins/wasm-go/extensions/ai-proxy/provider/claude.go:1059.8,1064.3 1 0
github.com/alibaba/higress/plugins/wasm-go/extensions/ai-proxy/provider/claude.go:1066.2,1066.30 1 0
github.com/alibaba/higress/plugins/wasm-go/extensions/ai-proxy/provider/claude.go:1069.58,1070.52 1 1
github.com/alibaba/higress/plugins/wasm-go/extensions/ai-proxy/provider/claude.go:1070.52,1072.3 1 1
github.com/alibaba/higress/plugins/wasm-go/extensions/ai-proxy/provider/claude.go:1073.2,1073.52 1 1
github.com/alibaba/higress/plugins/wasm-go/extensions/ai-proxy/provider/claude.go:1073.52,1075.3 1 1
github.com/alibaba/higress/plugins/wasm-go/extensions/ai-proxy/provider/claude.go:1076.2,1076.47 1 1
github.com/alibaba/higress/plugins/wasm-go/extensions/ai-proxy/provider/claude.go:1076.47,1078.3 1 1
github.com/alibaba/higress/plugins/wasm-go/extensions/ai-proxy/provider/claude.go:1079.2,1079.51 1 1
github.com/alibaba/higress/plugins/wasm-go/extensions/ai-proxy/provider/claude.go:1079.51,1081.3 1 1
github.com/alibaba/higress/plugins/wasm-go/extensions/ai-proxy/provider/claude.go:1082.2,1082.11 1 1
github.com/alibaba/higress/plugins/wasm-go/extensions/ai-proxy/provider/claude_to_openai.go:41.93,42.16 1 1
github.com/alibaba/higress/plugins/wasm-go/extensions/ai-proxy/provider/claude_to_openai.go:42.16,44.3 1 1
github.com/alibaba/higress/plugins/wasm-go/extensions/ai-proxy/provider/claude_to_openai.go:45.2,46.40 2 1
github.com/alibaba/higress/plugins/wasm-go/extensions/ai-proxy/provider/claude_to_openai.go:49.94,50.31 1 1
[...]
github.com/alibaba/higress/plugins/wasm-go/extensions/ai-proxy/provider/vertex.go:1178.34,1187.7 1 1
github.com/alibaba/higress/plugins/wasm-go/extensions/ai-proxy/provider/vertex.go:1187.12,1191.7 1 1
github.com/alibaba/higress/plugins/wasm-go/extensions/ai-proxy/provider/vertex.go:1192.30,1194.20 2 0
github.com/alibaba/higress/plugins/wasm-go/extensions/ai-proxy/provider/vertex.go:1194.20,1196.7 1 0
github.com/alibaba/higress/plugins/wasm-go/extensions/ai-proxy/provider/vertex.go:1196.12,1198.7 1 0
github.com/alibaba/higress/plugins/wasm-go/extensions/ai-proxy/provider/vertex.go:1204.3,1204.23 1 1
github.com/alibaba/higress/plugins/wasm-go/extensions/ai-proxy/provider/vertex.go:1205.22,1206.26 1 1
github.com/alibaba/higress/plugins/wasm-go/extensions/ai-proxy/provider/vertex.go:1207.17,1208.27 1 1
github.com/alibaba/higress/plugins/wasm-go/extensions/ai-proxy/provider/vertex.go:1209.19,1211.37 2 0
github.com/alibaba/higress/plugins/wasm-go/extensions/ai-proxy/provider/vertex.go:1213.3,1216.33 2 1
github.com/alibaba/higress/plugins/wasm-go/extensions/ai-proxy/provider/vertex.go:1216.33,1226.4 2 0
github.com/alibaba/higress/plugins/wasm-go/extensions/ai-proxy/provider/vertex.go:1229.2,1229.28 1 1
github.com/alibaba/higress/plugins/wasm-go/extensions/ai-proxy/provider/vertex.go:1234.169,1235.57 1 1
github.com/alibaba/higress/plugins/wasm-go/extensions/ai-proxy/provider/vertex.go:1235.57,1237.3 1 1
github.com/alibaba/higress/plugins/wasm-go/extensions/ai-proxy/provider/vertex.go:1243.2,1243.45 1 1
github.com/alibaba/higress/plugins/wasm-go/extensions/ai-proxy/provider/vertex.go:1243.45,1245.3 1 1
github.com/alibaba/higress/plugins/wasm-go/extensions/ai-proxy/provider/vertex.go:1247.2,1250.28 3 1
github.com/alibaba/higress/plugins/wasm-go/extensions/ai-proxy/provider/vertex.go:1251.10,1253.38 1 0
github.com/alibaba/higress/plugins/wasm-go/extensions/ai-proxy/provider/vertex.go:1253.38,1256.4 2 0
github.com/alibaba/higress/plugins/wasm-go/extensions/ai-proxy/provider/vertex.go:1257.21,1258.67 1 1
github.com/alibaba/higress/plugins/wasm-go/extensions/ai-proxy/provider/vertex.go:1259.21,1261.23 2 1
github.com/alibaba/higress/plugins/wasm-go/extensions/ai-proxy/provider/vertex.go:1261.23,1263.4 1 1
github.com/alibaba/higress/plugins/wasm-go/extensions/ai-proxy/provider/vertex.go:1264.3,1265.43 2 1
github.com/alibaba/higress/plugins/wasm-go/extensions/ai-proxy/provider/vertex.go:1266.14,1266.14 0 1
github.com/alibaba/higress/plugins/wasm-go/extensions/ai-proxy/provider/vertex.go:1268.10,1270.78 1 1
github.com/alibaba/higress/plugins/wasm-go/extensions/ai-proxy/provider/vertex.go:1270.78,1273.4 2 1
github.com/alibaba/higress/plugins/wasm-go/extensions/ai-proxy/provider/vertex.go:1275.2,1275.12 1 1
github.com/alibaba/higress/plugins/wasm-go/extensions/ai-proxy/provider/vertex.go:1278.92,1280.9 2 1
github.com/alibaba/higress/plugins/wasm-go/extensions/ai-proxy/provider/vertex.go:1280.9,1282.3 1 0
github.com/alibaba/higress/plugins/wasm-go/extensions/ai-proxy/provider/vertex.go:1284.2,1285.9 2 1
github.com/alibaba/higress/plugins/wasm-go/extensions/ai-proxy/provider/vertex.go:1285.9,1287.3 1 1
github.com/alibaba/higress/plugins/wasm-go/extensions/ai-proxy/provider/vertex.go:1294.2,1294.58 1 1
github.com/alibaba/higress/plugins/wasm-go/extensions/ai-proxy/provider/vertex.go:1294.58,1295.73 1 1
github.com/alibaba/higress/plugins/wasm-go/extensions/ai-proxy/provider/vertex.go:1295.73,1297.4 1 1
github.com/alibaba/higress/plugins/wasm-go/extensions/ai-proxy/provider/vertex.go:1301.2,1301.36 1 1
github.com/alibaba/higress/plugins/wasm-go/extensions/ai-proxy/provider/vertex.go:1301.36,1303.3 1 1
github.com/alibaba/higress/plugins/wasm-go/extensions/ai-proxy/provider/vertex.go:1304.2,1304.12 1 0
github.com/alibaba/higress/plugins/wasm-go/extensions/ai-proxy/provider/vertex.go:1307.42,1308.32 1 1
github.com/alibaba/higress/plugins/wasm-go/extensions/ai-proxy/provider/vertex.go:1309.75,1310.14 1 1
github.com/alibaba/higress/plugins/wasm-go/extensions/ai-proxy/provider/vertex.go:1311.10,1312.15 1 1
github.com/alibaba/higress/plugins/wasm-go/extensions/ai-proxy/provider/vertex.go:1316.58,1317.22 1 1
github.com/alibaba/higress/plugins/wasm-go/extensions/ai-proxy/provider/vertex.go:1317.22,1319.3 1 0
github.com/alibaba/higress/plugins/wasm-go/extensions/ai-proxy/provider/vertex.go:1321.2,1321.81 1 1
github.com/alibaba/higress/plugins/wasm-go/extensions/ai-proxy/provider/vertex.go:1321.81,1323.3 1 1
github.com/alibaba/higress/plugins/wasm-go/extensions/ai-proxy/provider/vertex.go:1326.2,1341.33 2 0
github.com/alibaba/higress/plugins/wasm-go/extensions/ai-proxy/provider/vertex.go:1341.33,1342.31 1 0
github.com/alibaba/higress/plugins/wasm-go/extensions/ai-proxy/provider/vertex.go:1342.31,1344.4 1 0
github.com/alibaba/higress/plugins/wasm-go/extensions/ai-proxy/provider/vertex.go:1347.2,1347.14 1 0
github.com/alibaba/higress/plugins/wasm-go/extensions/ai-proxy/provider/vertex.go:1350.58,1353.2 2 1
github.com/alibaba/higress/plugins/wasm-go/extensions/ai-proxy/provider/vertex.go:1355.100,1358.31 3 0
github.com/alibaba/higress/plugins/wasm-go/extensions/ai-proxy/provider/vertex.go:1358.31,1362.3 1 0
github.com/alibaba/higress/plugins/wasm-go/extensions/ai-proxy/provider/vertex.go:1363.2,1363.54 1 0
github.com/alibaba/higress/plugins/wasm-go/extensions/ai-proxy/provider/vertex.go:1528.56,1531.18 2 0
github.com/alibaba/higress/plugins/wasm-go/extensions/ai-proxy/provider/vertex.go:1531.18,1533.3 1 0
github.com/alibaba/higress/plugins/wasm-go/extensions/ai-proxy/provider/vertex.go:1534.2,1535.16 2 0
github.com/alibaba/higress/plugins/wasm-go/extensions/ai-proxy/provider/vertex.go:1535.16,1537.3 1 0
github.com/alibaba/higress/plugins/wasm-go/extensions/ai-proxy/provider/vertex.go:1538.2,1564.16 12 0
github.com/alibaba/higress/plugins/wasm-go/extensions/ai-proxy/provider/vertex.go:1564.16,1566.3 1 0
github.com/alibaba/higress/plugins/wasm-go/extensions/ai-proxy/provider/vertex.go:1567.2,1569.67 2 0
github.com/alibaba/higress/plugins/wasm-go/extensions/ai-proxy/provider/vertex.go:1572.64,1577.130 3 0
github.com/alibaba/higress/plugins/wasm-go/extensions/ai-proxy/provider/vertex.go:1577.130,1579.16 2 0
github.com/alibaba/higress/plugins/wasm-go/extensions/ai-proxy/provider/vertex.go:1579.16,1581.4 1 0
github.com/alibaba/higress/plugins/wasm-go/extensions/ai-proxy/provider/vertex.go:1582.3,1582.34 1 0
github.com/alibaba/higress/plugins/wasm-go/extensions/ai-proxy/provider/vertex.go:1582.34,1586.4 3 0
github.com/alibaba/higress/plugins/wasm-go/extensions/ai-proxy/provider/vertex.go:1587.3,1592.76 5 0
github.com/alibaba/higress/plugins/wasm-go/extensions/ai-proxy/provider/vertex.go:1592.76,1594.4 1 0
github.com/alibaba/higress/plugins/wasm-go/extensions/ai-proxy/provider/vertex.go:1595.3,1598.17 4 0
github.com/alibaba/higress/plugins/wasm-go/extensions/ai-proxy/provider/vertex.go:1598.17,1600.4 1 0
github.com/alibaba/higress/plugins/wasm-go/extensions/ai-proxy/provider/vertex.go:1602.2,1602.12 1 0
github.com/alibaba/higress/plugins/wasm-go/extensions/ai-proxy/provider/vertex.go:1605.49,1610.2 3 0
github.com/alibaba/higress/plugins/wasm-go/extensions/ai-proxy/provider/vertex.go:1617.75,1619.16 2 0
github.com/alibaba/higress/plugins/wasm-go/extensions/ai-proxy/provider/vertex.go:1619.16,1620.48 1 0
github.com/alibaba/higress/plugins/wasm-go/extensions/ai-proxy/provider/vertex.go:1620.48,1622.4 1 0
github.com/alibaba/higress/plugins/wasm-go/extensions/ai-proxy/provider/vertex.go:1623.3,1623.17 1 0
github.com/alibaba/higress/plugins/wasm-go/extensions/ai-proxy/provider/vertex.go:1625.2,1625.17 1 0
github.com/alibaba/higress/plugins/wasm-go/extensions/ai-proxy/provider/vertex.go:1625.17,1627.3 1 0
github.com/alibaba/higress/plugins/wasm-go/extensions/ai-proxy/provider/vertex.go:1629.2,1630.56 2 0
github.com/alibaba/higress/plugins/wasm-go/extensions/ai-proxy/provider/vertex.go:1630.56,1632.3 1 0
github.com/alibaba/higress/plugins/wasm-go/extensions/ai-proxy/provider/vertex.go:1634.2,1637.43 3 0
github.com/alibaba/higress/plugins/wasm-go/extensions/ai-proxy/provider/vertex.go:1637.43,1639.3 1 0
github.com/alibaba/higress/plugins/wasm-go/extensions/ai-proxy/provider/vertex.go:1641.2,1641.16 1 0
github.com/alibaba/higress/plugins/wasm-go/extensions/ai-proxy/provider/vertex.go:1644.83,1651.62 3 0
github.com/alibaba/higress/plugins/wasm-go/extensions/ai-proxy/provider/vertex.go:1651.62,1653.3 1 0
github.com/alibaba/higress/plugins/wasm-go/extensions/ai-proxy/provider/vertex.go:1655.2,1656.16 2 0
github.com/alibaba/higress/plugins/wasm-go/extensions/ai-proxy/provider/vertex.go:1656.16,1658.3 1 0
github.com/alibaba/higress/plugins/wasm-go/extensions/ai-proxy/provider/vertex.go:1660.2,1660.48 1 0
github.com/alibaba/higress/plugins/wasm-go/extensions/ai-proxy/provider/vertex.go:1665.63,1667.41 2 0
github.com/alibaba/higress/plugins/wasm-go/extensions/ai-proxy/provider/vertex.go:1667.41,1674.3 3 0
github.com/alibaba/higress/plugins/wasm-go/extensions/ai-proxy/provider/vertex.go:1674.8,1678.23 3 0
github.com/alibaba/higress/plugins/wasm-go/extensions/ai-proxy/provider/vertex.go:1678.23,1680.4 1 0
github.com/alibaba/higress/plugins/wasm-go/extensions/ai-proxy/provider/vertex.go:1682.3,1684.21 3 0
github.com/alibaba/higress/plugins/wasm-go/extensions/ai-proxy/provider/vertex.go:1684.21,1686.4 1 0
github.com/alibaba/higress/plugins/wasm-go/extensions/ai-proxy/provider/vertex.go:1687.3,1691.19 2 0
github.com/alibaba/higress/plugins/wasm-go/extensions/ai-proxy/provider/vertex.go:1697.47,1699.47 1 0
github.com/alibaba/higress/plugins/wasm-go/extensions/ai-proxy/provider/vertex.go:1699.47,1701.3 1 0
github.com/alibaba/higress/plugins/wasm-go/extensions/ai-proxy/provider/vertex.go:1702.2,1702.47 1 0
github.com/alibaba/higress/plugins/wasm-go/extensions/ai-proxy/provider/vertex.go:1702.47,1704.3 1 0
github.com/alibaba/higress/plugins/wasm-go/extensions/ai-proxy/provider/vertex.go:1707.2,1708.21 2 0
github.com/alibaba/higress/plugins/wasm-go/extensions/ai-proxy/provider/vertex.go:1708.21,1710.3 1 0
github.com/alibaba/higress/plugins/wasm-go/extensions/ai-proxy/provider/vertex.go:1713.2,1714.44 2 0
github.com/alibaba/higress/plugins/wasm-go/extensions/ai-proxy/provider/vertex.go:1714.44,1716.3 1 0
github.com/alibaba/higress/plugins/wasm-go/extensions/ai-proxy/provider/vertex.go:1717.2,1760.40 3 0
github.com/alibaba/higress/plugins/wasm-go/extensions/ai-proxy/provider/vertex.go:1760.40,1762.3 1 0
github.com/alibaba/higress/plugins/wasm-go/extensions/ai-proxy/provider/vertex.go:1764.2,1764.35 1 0
github.com/alibaba/higress/plugins/wasm-go/extensions/ai-proxy/provider/vllm.go:23.41,31.2 1 1
github.com/alibaba/higress/plugins/wasm-go/extensions/ai-proxy/provider/vllm.go:35.80,40.2 1 0
github.com/alibaba/higress/plugins/wasm-go/extensions/ai-proxy/provider/vllm.go:42.75,57.2 1 1
github.com/alibaba/higress/plugins/wasm-go/extensions/ai-proxy/provider/vllm.go:59.91,60.37 1 1
github.com/alibaba/higress/plugins/wasm-go/extensions/ai-proxy/provider/vllm.go:60.37,66.3 2 0
github.com/alibaba/higress/plugins/wasm-go/extensions/ai-proxy/provider/vllm.go:69.2,72.21 4 1
github.com/alibaba/higress/plugins/wasm-go/extensions/ai-proxy/provider/vllm.go:72.21,74.3 1 1
github.com/alibaba/higress/plugins/wasm-go/extensions/ai-proxy/provider/vllm.go:77.2,79.25 3 1
github.com/alibaba/higress/plugins/wasm-go/extensions/ai-proxy/provider/vllm.go:79.25,80.42 1 1
github.com/alibaba/higress/plugins/wasm-go/extensions/ai-proxy/provider/vllm.go:80.42,82.4 1 1
github.com/alibaba/higress/plugins/wasm-go/extensions/ai-proxy/provider/vllm.go:84.2,92.8 2 1
github.com/alibaba/higress/plugins/wasm-go/extensions/ai-proxy/provider/vllm.go:103.49,105.2 1 0
github.com/alibaba/higress/plugins/wasm-go/extensions/ai-proxy/provider/vllm.go:107.89,110.2 2 0
github.com/alibaba/higress/plugins/wasm-go/extensions/ai-proxy/provider/vllm.go:112.115,113.39 1 0
github.com/alibaba/higress/plugins/wasm-go/extensions/ai-proxy/provider/vllm.go:113.39,115.3 1 0
github.com/alibaba/higress/plugins/wasm-go/extensions/ai-proxy/provider/vllm.go:116.2,116.74 1 0
github.com/alibaba/higress/plugins/wasm-go/extensions/ai-proxy/provider/vllm.go:119.111,120.26 1 0
github.com/alibaba/higress/plugins/wasm-go/extensions/ai-proxy/provider/vllm.go:120.26,122.3 1 0
github.com/alibaba/higress/plugins/wasm-go/extensions/ai-proxy/provider/vllm.go:122.8,122.26 1 0
github.com/alibaba/higress/plugins/wasm-go/extensions/ai-proxy/provider/vllm.go:122.26,124.3 1 0
github.com/alibaba/higress/plugins/wasm-go/extensions/ai-proxy/provider/vllm.go:127.2,127.26 1 0
github.com/alibaba/higress/plugins/wasm-go/extensions/ai-proxy/provider/vllm.go:127.26,129.3 1 0
github.com/alibaba/higress/plugins/wasm-go/extensions/ai-proxy/provider/vllm.go:129.8,132.23 2 0
github.com/alibaba/higress/plugins/wasm-go/extensions/ai-proxy/provider/vllm.go:132.23,134.4 1 0
github.com/alibaba/higress/plugins/wasm-go/extensions/ai-proxy/provider/vllm.go:134.9,136.41 1 0
github.com/alibaba/higress/plugins/wasm-go/extensions/ai-proxy/provider/vllm.go:136.41,139.5 2 0
github.com/alibaba/higress/plugins/wasm-go/extensions/ai-proxy/provider/vllm.go:141.3,141.55 1 0
github.com/alibaba/higress/plugins/wasm-go/extensions/ai-proxy/provider/vllm.go:145.2,145.33 1 0
github.com/alibaba/higress/plugins/wasm-go/extensions/ai-proxy/provider/vllm.go:145.33,147.3 1 0
github.com/alibaba/higress/plugins/wasm-go/extensions/ai-proxy/provider/vllm.go:150.2,150.31 1 0
github.com/alibaba/higress/plugins/wasm-go/extensions/ai-proxy/provider/vllm.go:153.116,156.2 1 0
github.com/alibaba/higress/plugins/wasm-go/extensions/ai-proxy/provider/vllm.go:158.56,159.55 1 1
github.com/alibaba/higress/plugins/wasm-go/extensions/ai-proxy/provider/vllm.go:159.55,161.3 1 1
github.com/alibaba/higress/plugins/wasm-go/extensions/ai-proxy/provider/vllm.go:162.2,162.51 1 1
github.com/alibaba/higress/plugins/wasm-go/extensions/ai-proxy/provider/vllm.go:162.51,164.3 1 1
github.com/alibaba/higress/plugins/wasm-go/extensions/ai-proxy/provider/vllm.go:165.2,165.46 1 1
github.com/alibaba/higress/plugins/wasm-go/extensions/ai-proxy/provider/vllm.go:165.46,167.3 1 1
github.com/alibaba/higress/plugins/wasm-go/extensions/ai-proxy/provider/vllm.go:168.2,168.50 1 1
github.com/alibaba/higress/plugins/wasm-go/extensions/ai-proxy/provider/vllm.go:168.50,170.3 1 1
github.com/alibaba/higress/plugins/wasm-go/extensions/ai-proxy/provider/vllm.go:171.2,171.48 1 1
github.com/alibaba/higress/plugins/wasm-go/extensions/ai-proxy/provider/vllm.go:171.48,173.3 1 1
github.com/alibaba/higress/plugins/wasm-go/extensions/ai-proxy/provider/vllm.go:175.2,175.62 1 1
github.com/alibaba/higress/plugins/wasm-go/extensions/ai-proxy/provider/vllm.go:175.62,177.3 1 1
github.com/alibaba/higress/plugins/wasm-go/extensions/ai-proxy/provider/vllm.go:178.2,178.51 1 1
github.com/alibaba/higress/plugins/wasm-go/extensions/ai-proxy/provider/vllm.go:178.51,180.3 1 1
github.com/alibaba/higress/plugins/wasm-go/extensions/ai-proxy/provider/vllm.go:181.2,181.49 1 1
github.com/alibaba/higress/plugins/wasm-go/extensions/ai-proxy/provider/vllm.go:181.49,183.3 1 1
github.com/alibaba/higress/plugins/wasm-go/extensions/ai-proxy/provider/vllm.go:184.2,184.59 1 1
github.com/alibaba/higress/plugins/wasm-go/extensions/ai-proxy/provider/vllm.go:184.59,186.3 1 1
github.com/alibaba/higress/plugins/wasm-go/extensions/ai-proxy/provider/vllm.go:187.2,187.57 1 1
github.com/alibaba/higress/plugins/wasm-go/extensions/ai-proxy/provider/vllm.go:187.57,189.3 1 1
github.com/alibaba/higress/plugins/wasm-go/extensions/ai-proxy/provider/vllm.go:190.2,190.11 1 1
github.com/alibaba/higress/plugins/wasm-go/extensions/ai-proxy/provider/vllm.go:194.112,197.2 1 0
github.com/alibaba/higress/plugins/wasm-go/extensions/ai-proxy/provider/vllm.go:200.117,204.2 1 0
github.com/alibaba/higress/plugins/wasm-go/extensions/ai-proxy/provider/vllm.go:207.135,211.2 1 0
github.com/alibaba/higress/plugins/wasm-go/extensions/ai-proxy/provider/yi.go:18.78,19.59 1 0
github.com/alibaba/higress/plugins/wasm-go/extensions/ai-proxy/provider/yi.go:19.59,21.3 1 0
github.com/alibaba/higress/plugins/wasm-go/extensions/ai-proxy/provider/yi.go:22.2,22.12 1 0
github.com/alibaba/higress/plugins/wasm-go/extensions/ai-proxy/provider/yi.go:25.73,29.2 1 0
github.com/alibaba/higress/plugins/wasm-go/extensions/ai-proxy/provider/yi.go:31.89,37.2 2 0
github.com/alibaba/higress/plugins/wasm-go/extensions/ai-proxy/provider/yi.go:44.47,46.2 1 0
github.com/alibaba/higress/plugins/wasm-go/extensions/ai-proxy/provider/yi.go:48.87,51.2 2 0
github.com/alibaba/higress/plugins/wasm-go/extensions/ai-proxy/provider/yi.go:53.113,54.39 1 0
github.com/alibaba/higress/plugins/wasm-go/extensions/ai-proxy/provider/yi.go:54.39,56.3 1 0
github.com/alibaba/higress/plugins/wasm-go/extensions/ai-proxy/provider/yi.go:57.2,57.74 1 0
github.com/alibaba/higress/plugins/wasm-go/extensions/ai-proxy/provider/yi.go:60.109,65.2 4 0
github.com/alibaba/higress/plugins/wasm-go/extensions/ai-proxy/provider/zhipuai.go:26.83,27.59 1 0
github.com/alibaba/higress/plugins/wasm-go/extensions/ai-proxy/provider/zhipuai.go:27.59,29.3 1 0
github.com/alibaba/higress/plugins/wasm-go/extensions/ai-proxy/provider/zhipuai.go:30.2,30.12 1 0
github.com/alibaba/higress/plugins/wasm-go/extensions/ai-proxy/provider/zhipuai.go:33.95,35.18 2 0
github.com/alibaba/higress/plugins/wasm-go/extensions/ai-proxy/provider/zhipuai.go:35.18,37.3 1 0
github.com/alibaba/higress/plugins/wasm-go/extensions/ai-proxy/provider/zhipuai.go:38.2,42.3 1 0
github.com/alibaba/higress/plugins/wasm-go/extensions/ai-proxy/provider/zhipuai.go:45.94,51.2 2 0
github.com/alibaba/higress/plugins/wasm-go/extensions/ai-proxy/provider/zhipuai.go:58.52,60.2 1 0
github.com/alibaba/higress/plugins/wasm-go/extensions/ai-proxy/provider/zhipuai.go:62.92,65.2 2 0
github.com/alibaba/higress/plugins/wasm-go/extensions/ai-proxy/provider/zhipuai.go:67.118,68.39 1 0
github.com/alibaba/higress/plugins/wasm-go/extensions/ai-proxy/provider/zhipuai.go:68.39,70.3 1 0
github.com/alibaba/higress/plugins/wasm-go/extensions/ai-proxy/provider/zhipuai.go:71.2,71.74 1 0
github.com/alibaba/higress/plugins/wasm-go/extensions/ai-proxy/provider/zhipuai.go:74.114,78.18 3 0
github.com/alibaba/higress/plugins/wasm-go/extensions/ai-proxy/provider/zhipuai.go:78.18,80.3 1 0
github.com/alibaba/higress/plugins/wasm-go/extensions/ai-proxy/provider/zhipuai.go:81.2,83.31 3 0
github.com/alibaba/higress/plugins/wasm-go/extensions/ai-proxy/provider/zhipuai.go:86.119,87.38 1 0
github.com/alibaba/higress/plugins/wasm-go/extensions/ai-proxy/provider/zhipuai.go:87.38,89.3 1 0
github.com/alibaba/higress/plugins/wasm-go/extensions/ai-proxy/provider/zhipuai.go:92.2,93.27 2 0
github.com/alibaba/higress/plugins/wasm-go/extensions/ai-proxy/provider/zhipuai.go:93.27,98.3 2 0
github.com/alibaba/higress/plugins/wasm-go/extensions/ai-proxy/provider/zhipuai.go:98.8,98.115 1 0
github.com/alibaba/higress/plugins/wasm-go/extensions/ai-proxy/provider/zhipuai.go:98.115,102.3 1 0
github.com/alibaba/higress/plugins/wasm-go/extensions/ai-proxy/provider/zhipuai.go:103.2,103.49 1 0
github.com/alibaba/higress/plugins/wasm-go/extensions/ai-proxy/provider/zhipuai.go:103.49,107.3 1 0
github.com/alibaba/higress/plugins/wasm-go/extensions/ai-proxy/provider/zhipuai.go:109.2,109.65 1 0
github.com/alibaba/higress/plugins/wasm-go/extensions/ai-proxy/provider/zhipuai.go:112.59,113.102 1 0
github.com/alibaba/higress/plugins/wasm-go/extensions/ai-proxy/provider/zhipuai.go:113.102,115.3 1 0
github.com/alibaba/higress/plugins/wasm-go/extensions/ai-proxy/provider/zhipuai.go:116.2,116.51 1 0
github.com/alibaba/higress/plugins/wasm-go/extensions/ai-proxy/provider/zhipuai.go:116.51,118.3 1 0
github.com/alibaba/higress/plugins/wasm-go/extensions/ai-proxy/provider/zhipuai.go:119.2,119.58 1 0
github.com/alibaba/higress/plugins/wasm-go/extensions/ai-proxy/provider/zhipuai.go:119.58,121.3 1 0
github.com/alibaba/higress/plugins/wasm-go/extensions/ai-proxy/provider/zhipuai.go:122.2,122.11 1 0
